  [1m[35m (146.1ms)[0m  [1m[35mCREATE DATABASE "the_gossip_project_views_development" ENCODING = 'unicode'[0m
  ↳ bin/rails:9
  [1m[35m (159.0ms)[0m  [1m[35mCREATE DATABASE "the_gossip_project_views_test" ENCODING = 'unicode'[0m
  ↳ bin/rails:9
Started GET "/" for ::1 at 2020-08-03 14:50:06 +0200
Processing by Rails::WelcomeController#index as HTML
  Rendering /Users/hugo/.rvm/gems/ruby-2.5.1/gems/railties-5.2.4.3/lib/rails/templates/rails/welcome/index.html.erb
  Rendered /Users/hugo/.rvm/gems/ruby-2.5.1/gems/railties-5.2.4.3/lib/rails/templates/rails/welcome/index.html.erb (3.0ms)
Completed 200 OK in 18ms (Views: 8.2ms | ActiveRecord: 0.0ms)


  [1m[35m (7.4ms)[0m  [1m[35mCREATE TABLE "schema_migrations" ("version" character varying NOT NULL PRIMARY KEY)[0m
  ↳ bin/rails:9
  [1m[35m (19.7ms)[0m  [1m[35mCREATE TABLE "ar_internal_metadata" ("key" character varying NOT NULL PRIMARY KEY, "value" character varying, "created_at" timestamp NOT NULL, "updated_at" timestamp NOT NULL)[0m
  ↳ bin/rails:9
  [1m[35m (0.2ms)[0m  [1m[34mSELECT pg_try_advisory_lock(5041635904226257035)[0m
  ↳ bin/rails:9
  [1m[35m (0.5ms)[0m  [1m[34mSELECT "schema_migrations"."version" FROM "schema_migrations" ORDER BY "schema_migrations"."version" ASC[0m
  ↳ bin/rails:9
Migrating to CreateUsers (20200803125024)
  [1m[35m (0.2ms)[0m  [1m[35mBEGIN[0m
  ↳ bin/rails:9
  [1m[35m (21.9ms)[0m  [1m[35mCREATE TABLE "users" ("id" bigserial primary key, "first_name" character varying, "last_name" character varying, "description" text, "email" character varying, "age" integer, "city_id" bigint, "created_at" timestamp NOT NULL, "updated_at" timestamp NOT NULL)[0m
  ↳ db/migrate/20200803125024_create_users.rb:3
  [1m[35m (1.1ms)[0m  [1m[35mCREATE  INDEX  "index_users_on_city_id" ON "users"  ("city_id")[0m
  ↳ db/migrate/20200803125024_create_users.rb:3
  [1m[36mActiveRecord::SchemaMigration Create (0.6ms)[0m  [1m[32mINSERT INTO "schema_migrations" ("version") VALUES ($1) RETURNING "version"[0m  [["version", "20200803125024"]]
  ↳ bin/rails:9
  [1m[35m (0.7ms)[0m  [1m[35mCOMMIT[0m
  ↳ bin/rails:9
Migrating to CreateCities (20200803125042)
  [1m[35m (0.5ms)[0m  [1m[35mBEGIN[0m
  ↳ bin/rails:9
  [1m[35m (7.2ms)[0m  [1m[35mCREATE TABLE "cities" ("id" bigserial primary key, "name" character varying, "zip_code" character varying, "created_at" timestamp NOT NULL, "updated_at" timestamp NOT NULL)[0m
  ↳ db/migrate/20200803125042_create_cities.rb:3
  [1m[36mActiveRecord::SchemaMigration Create (0.5ms)[0m  [1m[32mINSERT INTO "schema_migrations" ("version") VALUES ($1) RETURNING "version"[0m  [["version", "20200803125042"]]
  ↳ bin/rails:9
  [1m[35m (0.5ms)[0m  [1m[35mCOMMIT[0m
  ↳ bin/rails:9
Migrating to CreateGossips (20200803125049)
  [1m[35m (0.6ms)[0m  [1m[35mBEGIN[0m
  ↳ bin/rails:9
  [1m[35m (2.7ms)[0m  [1m[35mCREATE TABLE "gossips" ("id" bigserial primary key, "title" character varying, "content" text, "user_id" bigint, "created_at" timestamp NOT NULL, "updated_at" timestamp NOT NULL)[0m
  ↳ db/migrate/20200803125049_create_gossips.rb:3
  [1m[35m (0.9ms)[0m  [1m[35mCREATE  INDEX  "index_gossips_on_user_id" ON "gossips"  ("user_id")[0m
  ↳ db/migrate/20200803125049_create_gossips.rb:3
  [1m[36mActiveRecord::SchemaMigration Create (0.3ms)[0m  [1m[32mINSERT INTO "schema_migrations" ("version") VALUES ($1) RETURNING "version"[0m  [["version", "20200803125049"]]
  ↳ bin/rails:9
  [1m[35m (0.4ms)[0m  [1m[35mCOMMIT[0m
  ↳ bin/rails:9
Migrating to CreateTags (20200803125054)
  [1m[35m (0.4ms)[0m  [1m[35mBEGIN[0m
  ↳ bin/rails:9
  [1m[35m (5.0ms)[0m  [1m[35mCREATE TABLE "tags" ("id" bigserial primary key, "title" character varying, "created_at" timestamp NOT NULL, "updated_at" timestamp NOT NULL)[0m
  ↳ db/migrate/20200803125054_create_tags.rb:3
  [1m[36mActiveRecord::SchemaMigration Create (0.4ms)[0m  [1m[32mINSERT INTO "schema_migrations" ("version") VALUES ($1) RETURNING "version"[0m  [["version", "20200803125054"]]
  ↳ bin/rails:9
  [1m[35m (0.7ms)[0m  [1m[35mCOMMIT[0m
  ↳ bin/rails:9
Migrating to CreatePrivateMessages (20200803125102)
  [1m[35m (0.4ms)[0m  [1m[35mBEGIN[0m
  ↳ bin/rails:9
  [1m[35m (3.5ms)[0m  [1m[35mCREATE TABLE "private_messages" ("id" bigserial primary key, "content" text, "recipient_id" bigint, "sender_id" bigint, "created_at" timestamp NOT NULL, "updated_at" timestamp NOT NULL)[0m
  ↳ db/migrate/20200803125102_create_private_messages.rb:3
  [1m[35m (1.9ms)[0m  [1m[35mCREATE  INDEX  "index_private_messages_on_recipient_id" ON "private_messages"  ("recipient_id")[0m
  ↳ db/migrate/20200803125102_create_private_messages.rb:3
  [1m[35m (2.6ms)[0m  [1m[35mCREATE  INDEX  "index_private_messages_on_sender_id" ON "private_messages"  ("sender_id")[0m
  ↳ db/migrate/20200803125102_create_private_messages.rb:3
  [1m[36mActiveRecord::SchemaMigration Create (0.5ms)[0m  [1m[32mINSERT INTO "schema_migrations" ("version") VALUES ($1) RETURNING "version"[0m  [["version", "20200803125102"]]
  ↳ bin/rails:9
  [1m[35m (0.5ms)[0m  [1m[35mCOMMIT[0m
  ↳ bin/rails:9
Migrating to CreateComments (20200803125108)
  [1m[35m (1.0ms)[0m  [1m[35mBEGIN[0m
  ↳ bin/rails:9
  [1m[35m (3.5ms)[0m  [1m[35mCREATE TABLE "comments" ("id" bigserial primary key, "content" text, "user_id" bigint, "gossip_id" bigint, "created_at" timestamp NOT NULL, "updated_at" timestamp NOT NULL)[0m
  ↳ db/migrate/20200803125108_create_comments.rb:3
  [1m[35m (1.1ms)[0m  [1m[35mCREATE  INDEX  "index_comments_on_user_id" ON "comments"  ("user_id")[0m
  ↳ db/migrate/20200803125108_create_comments.rb:3
  [1m[35m (1.1ms)[0m  [1m[35mCREATE  INDEX  "index_comments_on_gossip_id" ON "comments"  ("gossip_id")[0m
  ↳ db/migrate/20200803125108_create_comments.rb:3
  [1m[36mActiveRecord::SchemaMigration Create (0.4ms)[0m  [1m[32mINSERT INTO "schema_migrations" ("version") VALUES ($1) RETURNING "version"[0m  [["version", "20200803125108"]]
  ↳ bin/rails:9
  [1m[35m (0.4ms)[0m  [1m[35mCOMMIT[0m
  ↳ bin/rails:9
Migrating to CreateGossipTags (20200803125128)
  [1m[35m (0.5ms)[0m  [1m[35mBEGIN[0m
  ↳ bin/rails:9
  [1m[35m (2.7ms)[0m  [1m[35mCREATE TABLE "gossip_tags" ("id" bigserial primary key, "tag_id" bigint, "gossip_id" bigint, "created_at" timestamp NOT NULL, "updated_at" timestamp NOT NULL)[0m
  ↳ db/migrate/20200803125128_create_gossip_tags.rb:3
  [1m[35m (0.8ms)[0m  [1m[35mCREATE  INDEX  "index_gossip_tags_on_tag_id" ON "gossip_tags"  ("tag_id")[0m
  ↳ db/migrate/20200803125128_create_gossip_tags.rb:3
  [1m[35m (2.0ms)[0m  [1m[35mCREATE  INDEX  "index_gossip_tags_on_gossip_id" ON "gossip_tags"  ("gossip_id")[0m
  ↳ db/migrate/20200803125128_create_gossip_tags.rb:3
  [1m[36mActiveRecord::SchemaMigration Create (0.6ms)[0m  [1m[32mINSERT INTO "schema_migrations" ("version") VALUES ($1) RETURNING "version"[0m  [["version", "20200803125128"]]
  ↳ bin/rails:9
  [1m[35m (0.9ms)[0m  [1m[35mCOMMIT[0m
  ↳ bin/rails:9
  [1m[36mActiveRecord::InternalMetadata Load (0.8ms)[0m  [1m[34mSELECT  "ar_internal_metadata".* FROM "ar_internal_metadata" WHERE "ar_internal_metadata"."key" = $1 LIMIT $2[0m  [["key", "environment"], ["LIMIT", 1]]
  ↳ bin/rails:9
  [1m[35m (0.2ms)[0m  [1m[35mBEGIN[0m
  ↳ bin/rails:9
  [1m[36mActiveRecord::InternalMetadata Create (0.7ms)[0m  [1m[32mINSERT INTO "ar_internal_metadata" ("key", "value", "created_at", "updated_at") VALUES ($1, $2, $3, $4) RETURNING "key"[0m  [["key", "environment"], ["value", "development"], ["created_at", "2020-08-03 13:01:38.100197"], ["updated_at", "2020-08-03 13:01:38.100197"]]
  ↳ bin/rails:9
  [1m[35m (5.8ms)[0m  [1m[35mCOMMIT[0m
  ↳ bin/rails:9
  [1m[35m (0.2ms)[0m  [1m[34mSELECT pg_advisory_unlock(5041635904226257035)[0m
  ↳ bin/rails:9
  [1m[35m (0.5ms)[0m  [1m[34mSELECT "schema_migrations"."version" FROM "schema_migrations" ORDER BY "schema_migrations"."version" ASC[0m
  ↳ bin/rails:9
  [1m[35m (0.2ms)[0m  [1m[35mBEGIN[0m
  [1m[35m (0.2ms)[0m  [1m[31mROLLBACK[0m
  [1m[35m (0.2ms)[0m  [1m[35mBEGIN[0m
  [1m[36mCity Create (1.1ms)[0m  [1m[32mINSERT INTO "cities" ("name", "zip_code", "created_at", "updated_at") VALUES ($1, $2, $3, $4) RETURNING "id"[0m  [["name", "AAAAh"], ["zip_code", "HZHEEE"], ["created_at", "2020-08-03 13:04:32.834494"], ["updated_at", "2020-08-03 13:04:32.834494"]]
  [1m[35m (0.6ms)[0m  [1m[35mCOMMIT[0m
  [1m[36mCity Load (0.7ms)[0m  [1m[34mSELECT  "cities".* FROM "cities" ORDER BY "cities"."id" ASC LIMIT $1[0m  [["LIMIT", 1]]
  [1m[35m (0.2ms)[0m  [1m[35mBEGIN[0m
  [1m[36mCity Load (0.3ms)[0m  [1m[34mSELECT  "cities".* FROM "cities" WHERE "cities"."id" = $1 LIMIT $2[0m  [["id", 1], ["LIMIT", 1]]
  [1m[36mUser Create (1.4ms)[0m  [1m[32mINSERT INTO "users" ("first_name", "last_name", "city_id", "created_at", "updated_at") VALUES ($1, $2, $3, $4, $5) RETURNING "id"[0m  [["first_name", "tutut"], ["last_name", "AZD"], ["city_id", 1], ["created_at", "2020-08-03 13:05:38.228137"], ["updated_at", "2020-08-03 13:05:38.228137"]]
  [1m[35m (0.6ms)[0m  [1m[35mCOMMIT[0m
  [1m[36mUser Load (0.4ms)[0m  [1m[34mSELECT  "users".* FROM "users" WHERE "users"."city_id" = $1 LIMIT $2[0m  [["city_id", 1], ["LIMIT", 11]]
  [1m[35m (0.5ms)[0m  [1m[34mSELECT "schema_migrations"."version" FROM "schema_migrations" ORDER BY "schema_migrations"."version" ASC[0m
  ↳ bin/rails:9
  [1m[36mUser Load (0.6ms)[0m  [1m[34mSELECT "users".* FROM "users"[0m
  ↳ db/seeds.rb:10
  [1m[35m (0.2ms)[0m  [1m[35mBEGIN[0m
  ↳ db/seeds.rb:10
  [1m[36mUser Destroy (0.4ms)[0m  [1m[31mDELETE FROM "users" WHERE "users"."id" = $1[0m  [["id", 1]]
  ↳ db/seeds.rb:10
  [1m[35m (1.4ms)[0m  [1m[35mCOMMIT[0m
  ↳ db/seeds.rb:10
  [1m[36mCity Load (0.5ms)[0m  [1m[34mSELECT "cities".* FROM "cities"[0m
  ↳ db/seeds.rb:11
  [1m[35m (0.2ms)[0m  [1m[35mBEGIN[0m
  ↳ db/seeds.rb:11
  [1m[36mCity Destroy (0.2ms)[0m  [1m[31mDELETE FROM "cities" WHERE "cities"."id" = $1[0m  [["id", 1]]
  ↳ db/seeds.rb:11
  [1m[35m (0.3ms)[0m  [1m[35mCOMMIT[0m
  ↳ db/seeds.rb:11
  [1m[36mGossip Load (0.6ms)[0m  [1m[34mSELECT "gossips".* FROM "gossips"[0m
  ↳ db/seeds.rb:12
  [1m[36mTag Load (0.7ms)[0m  [1m[34mSELECT "tags".* FROM "tags"[0m
  ↳ db/seeds.rb:13
  [1m[36mPrivateMessage Load (0.6ms)[0m  [1m[34mSELECT "private_messages".* FROM "private_messages"[0m
  ↳ db/seeds.rb:14
  [1m[36mComment Load (0.5ms)[0m  [1m[34mSELECT "comments".* FROM "comments"[0m
  ↳ db/seeds.rb:15
  [1m[36mGossipTag Load (0.7ms)[0m  [1m[34mSELECT "gossip_tags".* FROM "gossip_tags"[0m
  ↳ db/seeds.rb:16
  [1m[35m (0.7ms)[0m  [1m[34mSELECT "schema_migrations"."version" FROM "schema_migrations" ORDER BY "schema_migrations"."version" ASC[0m
  ↳ bin/rails:9
  [1m[36mUser Load (0.7ms)[0m  [1m[34mSELECT "users".* FROM "users"[0m
  ↳ db/seeds.rb:10
  [1m[36mCity Load (0.6ms)[0m  [1m[34mSELECT "cities".* FROM "cities"[0m
  ↳ db/seeds.rb:11
  [1m[36mGossip Load (0.6ms)[0m  [1m[34mSELECT "gossips".* FROM "gossips"[0m
  ↳ db/seeds.rb:12
  [1m[36mTag Load (0.5ms)[0m  [1m[34mSELECT "tags".* FROM "tags"[0m
  ↳ db/seeds.rb:13
  [1m[36mPrivateMessage Load (0.7ms)[0m  [1m[34mSELECT "private_messages".* FROM "private_messages"[0m
  ↳ db/seeds.rb:14
  [1m[36mComment Load (0.8ms)[0m  [1m[34mSELECT "comments".* FROM "comments"[0m
  ↳ db/seeds.rb:15
  [1m[36mGossipTag Load (0.6ms)[0m  [1m[34mSELECT "gossip_tags".* FROM "gossip_tags"[0m
  ↳ db/seeds.rb:16
  [1m[35m (0.2ms)[0m  [1m[35mBEGIN[0m
  ↳ db/seeds.rb:25
  [1m[36mCity Create (0.5ms)[0m  [1m[32mINSERT INTO "cities" ("name", "zip_code", "created_at", "updated_at") VALUES ($1, $2, $3, $4) RETURNING "id"[0m  [["name", "Donettebury"], ["zip_code", "21393"], ["created_at", "2020-08-03 13:09:02.038316"], ["updated_at", "2020-08-03 13:09:02.038316"]]
  ↳ db/seeds.rb:25
  [1m[35m (14.8ms)[0m  [1m[35mCOMMIT[0m
  ↳ db/seeds.rb:25
  [1m[35m (0.4ms)[0m  [1m[35mBEGIN[0m
  ↳ db/seeds.rb:25
  [1m[36mCity Create (0.5ms)[0m  [1m[32mINSERT INTO "cities" ("name", "zip_code", "created_at", "updated_at") VALUES ($1, $2, $3, $4) RETURNING "id"[0m  [["name", "Bartolettiburgh"], ["zip_code", "98139"], ["created_at", "2020-08-03 13:09:02.059660"], ["updated_at", "2020-08-03 13:09:02.059660"]]
  ↳ db/seeds.rb:25
  [1m[35m (0.4ms)[0m  [1m[35mCOMMIT[0m
  ↳ db/seeds.rb:25
  [1m[35m (0.1ms)[0m  [1m[35mBEGIN[0m
  ↳ db/seeds.rb:25
  [1m[36mCity Create (0.3ms)[0m  [1m[32mINSERT INTO "cities" ("name", "zip_code", "created_at", "updated_at") VALUES ($1, $2, $3, $4) RETURNING "id"[0m  [["name", "Lake Roselee"], ["zip_code", "96372"], ["created_at", "2020-08-03 13:09:02.065787"], ["updated_at", "2020-08-03 13:09:02.065787"]]
  ↳ db/seeds.rb:25
  [1m[35m (0.4ms)[0m  [1m[35mCOMMIT[0m
  ↳ db/seeds.rb:25
  [1m[35m (0.1ms)[0m  [1m[35mBEGIN[0m
  ↳ db/seeds.rb:25
  [1m[36mCity Create (0.3ms)[0m  [1m[32mINSERT INTO "cities" ("name", "zip_code", "created_at", "updated_at") VALUES ($1, $2, $3, $4) RETURNING "id"[0m  [["name", "Elliotborough"], ["zip_code", "83323"], ["created_at", "2020-08-03 13:09:02.069398"], ["updated_at", "2020-08-03 13:09:02.069398"]]
  ↳ db/seeds.rb:25
  [1m[35m (0.4ms)[0m  [1m[35mCOMMIT[0m
  ↳ db/seeds.rb:25
  [1m[35m (0.2ms)[0m  [1m[35mBEGIN[0m
  ↳ db/seeds.rb:25
  [1m[36mCity Create (0.3ms)[0m  [1m[32mINSERT INTO "cities" ("name", "zip_code", "created_at", "updated_at") VALUES ($1, $2, $3, $4) RETURNING "id"[0m  [["name", "South Roberto"], ["zip_code", "67194"], ["created_at", "2020-08-03 13:09:02.072851"], ["updated_at", "2020-08-03 13:09:02.072851"]]
  ↳ db/seeds.rb:25
  [1m[35m (0.4ms)[0m  [1m[35mCOMMIT[0m
  ↳ db/seeds.rb:25
  [1m[35m (0.3ms)[0m  [1m[35mBEGIN[0m
  ↳ db/seeds.rb:25
  [1m[36mCity Create (0.3ms)[0m  [1m[32mINSERT INTO "cities" ("name", "zip_code", "created_at", "updated_at") VALUES ($1, $2, $3, $4) RETURNING "id"[0m  [["name", "East Olimpia"], ["zip_code", "69505-3710"], ["created_at", "2020-08-03 13:09:02.076271"], ["updated_at", "2020-08-03 13:09:02.076271"]]
  ↳ db/seeds.rb:25
  [1m[35m (0.4ms)[0m  [1m[35mCOMMIT[0m
  ↳ db/seeds.rb:25
  [1m[35m (0.1ms)[0m  [1m[35mBEGIN[0m
  ↳ db/seeds.rb:25
  [1m[36mCity Create (0.3ms)[0m  [1m[32mINSERT INTO "cities" ("name", "zip_code", "created_at", "updated_at") VALUES ($1, $2, $3, $4) RETURNING "id"[0m  [["name", "Orlandofurt"], ["zip_code", "86760-9135"], ["created_at", "2020-08-03 13:09:02.079034"], ["updated_at", "2020-08-03 13:09:02.079034"]]
  ↳ db/seeds.rb:25
  [1m[35m (0.3ms)[0m  [1m[35mCOMMIT[0m
  ↳ db/seeds.rb:25
  [1m[35m (0.1ms)[0m  [1m[35mBEGIN[0m
  ↳ db/seeds.rb:25
  [1m[36mCity Create (0.3ms)[0m  [1m[32mINSERT INTO "cities" ("name", "zip_code", "created_at", "updated_at") VALUES ($1, $2, $3, $4) RETURNING "id"[0m  [["name", "West Vannessa"], ["zip_code", "38079-0297"], ["created_at", "2020-08-03 13:09:02.081559"], ["updated_at", "2020-08-03 13:09:02.081559"]]
  ↳ db/seeds.rb:25
  [1m[35m (0.6ms)[0m  [1m[35mCOMMIT[0m
  ↳ db/seeds.rb:25
  [1m[35m (0.3ms)[0m  [1m[35mBEGIN[0m
  ↳ db/seeds.rb:25
  [1m[36mCity Create (0.4ms)[0m  [1m[32mINSERT INTO "cities" ("name", "zip_code", "created_at", "updated_at") VALUES ($1, $2, $3, $4) RETURNING "id"[0m  [["name", "South Bennettborough"], ["zip_code", "78562"], ["created_at", "2020-08-03 13:09:02.085186"], ["updated_at", "2020-08-03 13:09:02.085186"]]
  ↳ db/seeds.rb:25
  [1m[35m (0.6ms)[0m  [1m[35mCOMMIT[0m
  ↳ db/seeds.rb:25
  [1m[35m (0.2ms)[0m  [1m[35mBEGIN[0m
  ↳ db/seeds.rb:25
  [1m[36mCity Create (0.5ms)[0m  [1m[32mINSERT INTO "cities" ("name", "zip_code", "created_at", "updated_at") VALUES ($1, $2, $3, $4) RETURNING "id"[0m  [["name", "West Zena"], ["zip_code", "81320"], ["created_at", "2020-08-03 13:09:02.089258"], ["updated_at", "2020-08-03 13:09:02.089258"]]
  ↳ db/seeds.rb:25
  [1m[35m (0.4ms)[0m  [1m[35mCOMMIT[0m
  ↳ db/seeds.rb:25
  [1m[35m (0.2ms)[0m  [1m[35mBEGIN[0m
  ↳ db/seeds.rb:33
  [1m[36mCity Load (0.2ms)[0m  [1m[34mSELECT  "cities".* FROM "cities" WHERE "cities"."id" = $1 LIMIT $2[0m  [["id", 2], ["LIMIT", 1]]
  ↳ db/seeds.rb:33
  [1m[36mUser Create (0.4ms)[0m  [1m[32mINSERT INTO "users" ("first_name", "last_name", "description", "email", "age", "city_id", "created_at", "updated_at") VALUES ($1, $2, $3, $4, $5, $6, $7, $8) RETURNING "id"[0m  [["first_name", "Johnson"], ["last_name", "Stehr"], ["description", "Aequitas theca est omnis spiculum facilis valde animadverto sursum ustilo thorax ut."], ["email", "dorethea@connelly.info"], ["age", 61], ["city_id", 2], ["created_at", "2020-08-03 13:09:02.108892"], ["updated_at", "2020-08-03 13:09:02.108892"]]
  ↳ db/seeds.rb:33
  [1m[35m (0.3ms)[0m  [1m[35mCOMMIT[0m
  ↳ db/seeds.rb:33
  [1m[35m (0.1ms)[0m  [1m[35mBEGIN[0m
  ↳ db/seeds.rb:33
  [1m[36mCity Load (0.2ms)[0m  [1m[34mSELECT  "cities".* FROM "cities" WHERE "cities"."id" = $1 LIMIT $2[0m  [["id", 3], ["LIMIT", 1]]
  ↳ db/seeds.rb:33
  [1m[36mUser Create (0.3ms)[0m  [1m[32mINSERT INTO "users" ("first_name", "last_name", "description", "email", "age", "city_id", "created_at", "updated_at") VALUES ($1, $2, $3, $4, $5, $6, $7, $8) RETURNING "id"[0m  [["first_name", "Archie"], ["last_name", "Jast"], ["description", "Eos nemo casso certe vesper aufero beatae quis voluptatem absque cumque placeat sperno."], ["email", "anibal_carroll@daugherty.co"], ["age", 51], ["city_id", 3], ["created_at", "2020-08-03 13:09:02.113245"], ["updated_at", "2020-08-03 13:09:02.113245"]]
  ↳ db/seeds.rb:33
  [1m[35m (0.3ms)[0m  [1m[35mCOMMIT[0m
  ↳ db/seeds.rb:33
  [1m[35m (0.2ms)[0m  [1m[35mBEGIN[0m
  ↳ db/seeds.rb:33
  [1m[36mCity Load (0.6ms)[0m  [1m[34mSELECT  "cities".* FROM "cities" WHERE "cities"."id" = $1 LIMIT $2[0m  [["id", 8], ["LIMIT", 1]]
  ↳ db/seeds.rb:33
  [1m[36mUser Create (0.5ms)[0m  [1m[32mINSERT INTO "users" ("first_name", "last_name", "description", "email", "age", "city_id", "created_at", "updated_at") VALUES ($1, $2, $3, $4, $5, $6, $7, $8) RETURNING "id"[0m  [["first_name", "Vaughn"], ["last_name", "Bosco"], ["description", "Pel voluptatem videlicet earum sopor voluptas amplus causa enim velit clamo."], ["email", "wilmer.effertz@stiedemann.net"], ["age", 60], ["city_id", 8], ["created_at", "2020-08-03 13:09:02.119375"], ["updated_at", "2020-08-03 13:09:02.119375"]]
  ↳ db/seeds.rb:33
  [1m[35m (0.5ms)[0m  [1m[35mCOMMIT[0m
  ↳ db/seeds.rb:33
  [1m[35m (0.2ms)[0m  [1m[35mBEGIN[0m
  ↳ db/seeds.rb:33
  [1m[36mCity Load (0.3ms)[0m  [1m[34mSELECT  "cities".* FROM "cities" WHERE "cities"."id" = $1 LIMIT $2[0m  [["id", 7], ["LIMIT", 1]]
  ↳ db/seeds.rb:33
  [1m[36mUser Create (0.5ms)[0m  [1m[32mINSERT INTO "users" ("first_name", "last_name", "description", "email", "age", "city_id", "created_at", "updated_at") VALUES ($1, $2, $3, $4, $5, $6, $7, $8) RETURNING "id"[0m  [["first_name", "Preston"], ["last_name", "O'Keefe"], ["description", "In repellat ceno adsum ager cinis accipio necessitatibus patruus trans audax verus ratione."], ["email", "chassidy_murazik@cartwright.info"], ["age", 38], ["city_id", 7], ["created_at", "2020-08-03 13:09:02.126138"], ["updated_at", "2020-08-03 13:09:02.126138"]]
  ↳ db/seeds.rb:33
  [1m[35m (0.3ms)[0m  [1m[35mCOMMIT[0m
  ↳ db/seeds.rb:33
  [1m[35m (0.1ms)[0m  [1m[35mBEGIN[0m
  ↳ db/seeds.rb:33
  [1m[36mCity Load (0.2ms)[0m  [1m[34mSELECT  "cities".* FROM "cities" WHERE "cities"."id" = $1 LIMIT $2[0m  [["id", 8], ["LIMIT", 1]]
  ↳ db/seeds.rb:33
  [1m[36mUser Create (0.3ms)[0m  [1m[32mINSERT INTO "users" ("first_name", "last_name", "description", "email", "age", "city_id", "created_at", "updated_at") VALUES ($1, $2, $3, $4, $5, $6, $7, $8) RETURNING "id"[0m  [["first_name", "Nerissa"], ["last_name", "Lakin"], ["description", "Corporis cicuta vel torqueo tribuo antepono sequi vicinus tres succedo turpis vir tricesimus peccatus avarus conculco appositus a iste."], ["email", "willodean@adams-buckridge.name"], ["age", 22], ["city_id", 8], ["created_at", "2020-08-03 13:09:02.130336"], ["updated_at", "2020-08-03 13:09:02.130336"]]
  ↳ db/seeds.rb:33
  [1m[35m (0.3ms)[0m  [1m[35mCOMMIT[0m
  ↳ db/seeds.rb:33
  [1m[35m (0.2ms)[0m  [1m[35mBEGIN[0m
  ↳ db/seeds.rb:33
  [1m[36mCity Load (0.2ms)[0m  [1m[34mSELECT  "cities".* FROM "cities" WHERE "cities"."id" = $1 LIMIT $2[0m  [["id", 4], ["LIMIT", 1]]
  ↳ db/seeds.rb:33
  [1m[36mUser Create (0.3ms)[0m  [1m[32mINSERT INTO "users" ("first_name", "last_name", "description", "email", "age", "city_id", "created_at", "updated_at") VALUES ($1, $2, $3, $4, $5, $6, $7, $8) RETURNING "id"[0m  [["first_name", "Classie"], ["last_name", "Kihn"], ["description", "Alii conqueror coma triginta concido nihil conscendo cariosus abduco cum articulus subvenio velut aut."], ["email", "reyes@kertzmann.org"], ["age", 32], ["city_id", 4], ["created_at", "2020-08-03 13:09:02.134523"], ["updated_at", "2020-08-03 13:09:02.134523"]]
  ↳ db/seeds.rb:33
  [1m[35m (0.4ms)[0m  [1m[35mCOMMIT[0m
  ↳ db/seeds.rb:33
  [1m[35m (0.1ms)[0m  [1m[35mBEGIN[0m
  ↳ db/seeds.rb:33
  [1m[36mCity Load (0.2ms)[0m  [1m[34mSELECT  "cities".* FROM "cities" WHERE "cities"."id" = $1 LIMIT $2[0m  [["id", 4], ["LIMIT", 1]]
  ↳ db/seeds.rb:33
  [1m[36mUser Create (0.5ms)[0m  [1m[32mINSERT INTO "users" ("first_name", "last_name", "description", "email", "age", "city_id", "created_at", "updated_at") VALUES ($1, $2, $3, $4, $5, $6, $7, $8) RETURNING "id"[0m  [["first_name", "Laila"], ["last_name", "Schaefer"], ["description", "Cruciamentum natus delectatio tabesco patruus virtus abutor deficio altus decimus."], ["email", "velvet@bernier.io"], ["age", 56], ["city_id", 4], ["created_at", "2020-08-03 13:09:02.138856"], ["updated_at", "2020-08-03 13:09:02.138856"]]
  ↳ db/seeds.rb:33
  [1m[35m (0.4ms)[0m  [1m[35mCOMMIT[0m
  ↳ db/seeds.rb:33
  [1m[35m (0.1ms)[0m  [1m[35mBEGIN[0m
  ↳ db/seeds.rb:33
  [1m[36mCity Load (0.2ms)[0m  [1m[34mSELECT  "cities".* FROM "cities" WHERE "cities"."id" = $1 LIMIT $2[0m  [["id", 4], ["LIMIT", 1]]
  ↳ db/seeds.rb:33
  [1m[36mUser Create (0.3ms)[0m  [1m[32mINSERT INTO "users" ("first_name", "last_name", "description", "email", "age", "city_id", "created_at", "updated_at") VALUES ($1, $2, $3, $4, $5, $6, $7, $8) RETURNING "id"[0m  [["first_name", "Elias"], ["last_name", "Schulist"], ["description", "Damno tamquam deduco sophismata assentator ultio corporis ulterius vito spero colo aliqua amplexus adipiscor defetiscor depopulo."], ["email", "ching@huel-veum.info"], ["age", 56], ["city_id", 4], ["created_at", "2020-08-03 13:09:02.143315"], ["updated_at", "2020-08-03 13:09:02.143315"]]
  ↳ db/seeds.rb:33
  [1m[35m (0.3ms)[0m  [1m[35mCOMMIT[0m
  ↳ db/seeds.rb:33
  [1m[35m (0.1ms)[0m  [1m[35mBEGIN[0m
  ↳ db/seeds.rb:33
  [1m[36mCity Load (0.2ms)[0m  [1m[34mSELECT  "cities".* FROM "cities" WHERE "cities"."id" = $1 LIMIT $2[0m  [["id", 10], ["LIMIT", 1]]
  ↳ db/seeds.rb:33
  [1m[36mUser Create (0.3ms)[0m  [1m[32mINSERT INTO "users" ("first_name", "last_name", "description", "email", "age", "city_id", "created_at", "updated_at") VALUES ($1, $2, $3, $4, $5, $6, $7, $8) RETURNING "id"[0m  [["first_name", "Hosea"], ["last_name", "Dooley"], ["description", "Id talis qui totus paulatim ullam decretum cultellus voluptate adficio sed quis."], ["email", "joycelyn@lakin.com"], ["age", 40], ["city_id", 10], ["created_at", "2020-08-03 13:09:02.147234"], ["updated_at", "2020-08-03 13:09:02.147234"]]
  ↳ db/seeds.rb:33
  [1m[35m (0.3ms)[0m  [1m[35mCOMMIT[0m
  ↳ db/seeds.rb:33
  [1m[35m (0.3ms)[0m  [1m[35mBEGIN[0m
  ↳ db/seeds.rb:33
  [1m[36mCity Load (0.3ms)[0m  [1m[34mSELECT  "cities".* FROM "cities" WHERE "cities"."id" = $1 LIMIT $2[0m  [["id", 2], ["LIMIT", 1]]
  ↳ db/seeds.rb:33
  [1m[36mUser Create (0.6ms)[0m  [1m[32mINSERT INTO "users" ("first_name", "last_name", "description", "email", "age", "city_id", "created_at", "updated_at") VALUES ($1, $2, $3, $4, $5, $6, $7, $8) RETURNING "id"[0m  [["first_name", "Valentine"], ["last_name", "Luettgen"], ["description", "Textus amissio strues audacia constans acidus aufero perspiciatis laudantium cito strenuus aggero tamquam ut tergiversatio sub nobis ara cervus."], ["email", "cassy@boehm.co"], ["age", 44], ["city_id", 2], ["created_at", "2020-08-03 13:09:02.152830"], ["updated_at", "2020-08-03 13:09:02.152830"]]
  ↳ db/seeds.rb:33
  [1m[35m (1.7ms)[0m  [1m[35mCOMMIT[0m
  ↳ db/seeds.rb:33
  [1m[35m (0.2ms)[0m  [1m[35mBEGIN[0m
  ↳ db/seeds.rb:45
  [1m[36mUser Load (0.2ms)[0m  [1m[34mSELECT  "users".* FROM "users" WHERE "users"."id" = $1 LIMIT $2[0m  [["id", 7], ["LIMIT", 1]]
  ↳ db/seeds.rb:45
  [1m[36mGossip Create (0.9ms)[0m  [1m[32mINSERT INTO "gossips" ("title", "content", "user_id", "created_at", "updated_at") VALUES ($1, $2, $3, $4, $5) RETURNING "id"[0m  [["title", "The Maltese Falcon"], ["content", "I regret that I should leave this world without again beholding him."], ["user_id", 7], ["created_at", "2020-08-03 13:09:02.168307"], ["updated_at", "2020-08-03 13:09:02.168307"]]
  ↳ db/seeds.rb:45
  [1m[35m (0.5ms)[0m  [1m[35mCOMMIT[0m
  ↳ db/seeds.rb:45
  [1m[35m (0.2ms)[0m  [1m[35mBEGIN[0m
  ↳ db/seeds.rb:45
  [1m[36mUser Load (0.3ms)[0m  [1m[34mSELECT  "users".* FROM "users" WHERE "users"."id" = $1 LIMIT $2[0m  [["id", 7], ["LIMIT", 1]]
  ↳ db/seeds.rb:45
  [1m[36mGossip Create (0.3ms)[0m  [1m[32mINSERT INTO "gossips" ("title", "content", "user_id", "created_at", "updated_at") VALUES ($1, $2, $3, $4, $5) RETURNING "id"[0m  [["title", "Star Wars"], ["content", "One! Two! Three!"], ["user_id", 7], ["created_at", "2020-08-03 13:09:02.172663"], ["updated_at", "2020-08-03 13:09:02.172663"]]
  ↳ db/seeds.rb:45
  [1m[35m (0.4ms)[0m  [1m[35mCOMMIT[0m
  ↳ db/seeds.rb:45
  [1m[35m (0.2ms)[0m  [1m[35mBEGIN[0m
  ↳ db/seeds.rb:45
  [1m[36mUser Load (0.4ms)[0m  [1m[34mSELECT  "users".* FROM "users" WHERE "users"."id" = $1 LIMIT $2[0m  [["id", 6], ["LIMIT", 1]]
  ↳ db/seeds.rb:45
  [1m[36mGossip Create (0.4ms)[0m  [1m[32mINSERT INTO "gossips" ("title", "content", "user_id", "created_at", "updated_at") VALUES ($1, $2, $3, $4, $5) RETURNING "id"[0m  [["title", "Interstellar"], ["content", "I regret that I should leave this world without again beholding him."], ["user_id", 6], ["created_at", "2020-08-03 13:09:02.178243"], ["updated_at", "2020-08-03 13:09:02.178243"]]
  ↳ db/seeds.rb:45
  [1m[35m (1.0ms)[0m  [1m[35mCOMMIT[0m
  ↳ db/seeds.rb:45
  [1m[35m (0.3ms)[0m  [1m[35mBEGIN[0m
  ↳ db/seeds.rb:45
  [1m[36mUser Load (0.5ms)[0m  [1m[34mSELECT  "users".* FROM "users" WHERE "users"."id" = $1 LIMIT $2[0m  [["id", 8], ["LIMIT", 1]]
  ↳ db/seeds.rb:45
  [1m[36mGossip Create (0.3ms)[0m  [1m[32mINSERT INTO "gossips" ("title", "content", "user_id", "created_at", "updated_at") VALUES ($1, $2, $3, $4, $5) RETURNING "id"[0m  [["title", "The Big Lebowski"], ["content", "Do you want me to come with you?"], ["user_id", 8], ["created_at", "2020-08-03 13:09:02.185595"], ["updated_at", "2020-08-03 13:09:02.185595"]]
  ↳ db/seeds.rb:45
  [1m[35m (0.5ms)[0m  [1m[35mCOMMIT[0m
  ↳ db/seeds.rb:45
  [1m[35m (0.2ms)[0m  [1m[35mBEGIN[0m
  ↳ db/seeds.rb:45
  [1m[36mUser Load (0.3ms)[0m  [1m[34mSELECT  "users".* FROM "users" WHERE "users"."id" = $1 LIMIT $2[0m  [["id", 10], ["LIMIT", 1]]
  ↳ db/seeds.rb:45
  [1m[36mGossip Create (0.3ms)[0m  [1m[32mINSERT INTO "gossips" ("title", "content", "user_id", "created_at", "updated_at") VALUES ($1, $2, $3, $4, $5) RETURNING "id"[0m  [["title", "Batman Begins"], ["content", "I forgot something."], ["user_id", 10], ["created_at", "2020-08-03 13:09:02.189641"], ["updated_at", "2020-08-03 13:09:02.189641"]]
  ↳ db/seeds.rb:45
  [1m[35m (0.4ms)[0m  [1m[35mCOMMIT[0m
  ↳ db/seeds.rb:45
  [1m[35m (0.2ms)[0m  [1m[35mBEGIN[0m
  ↳ db/seeds.rb:45
  [1m[36mUser Load (0.6ms)[0m  [1m[34mSELECT  "users".* FROM "users" WHERE "users"."id" = $1 LIMIT $2[0m  [["id", 11], ["LIMIT", 1]]
  ↳ db/seeds.rb:45
  [1m[36mGossip Create (1.6ms)[0m  [1m[32mINSERT INTO "gossips" ("title", "content", "user_id", "created_at", "updated_at") VALUES ($1, $2, $3, $4, $5) RETURNING "id"[0m  [["title", "Oldboy"], ["content", "I love you too, honey. Good luck with your show."], ["user_id", 11], ["created_at", "2020-08-03 13:09:02.194508"], ["updated_at", "2020-08-03 13:09:02.194508"]]
  ↳ db/seeds.rb:45
  [1m[35m (0.9ms)[0m  [1m[35mCOMMIT[0m
  ↳ db/seeds.rb:45
  [1m[35m (0.4ms)[0m  [1m[35mBEGIN[0m
  ↳ db/seeds.rb:45
  [1m[36mUser Load (0.3ms)[0m  [1m[34mSELECT  "users".* FROM "users" WHERE "users"."id" = $1 LIMIT $2[0m  [["id", 9], ["LIMIT", 1]]
  ↳ db/seeds.rb:45
  [1m[36mGossip Create (0.4ms)[0m  [1m[32mINSERT INTO "gossips" ("title", "content", "user_id", "created_at", "updated_at") VALUES ($1, $2, $3, $4, $5) RETURNING "id"[0m  [["title", "A Wednesday"], ["content", "Strike the tent."], ["user_id", 9], ["created_at", "2020-08-03 13:09:02.202900"], ["updated_at", "2020-08-03 13:09:02.202900"]]
  ↳ db/seeds.rb:45
  [1m[35m (0.8ms)[0m  [1m[35mCOMMIT[0m
  ↳ db/seeds.rb:45
  [1m[35m (0.3ms)[0m  [1m[35mBEGIN[0m
  ↳ db/seeds.rb:45
  [1m[36mUser Load (0.3ms)[0m  [1m[34mSELECT  "users".* FROM "users" WHERE "users"."id" = $1 LIMIT $2[0m  [["id", 2], ["LIMIT", 1]]
  ↳ db/seeds.rb:45
  [1m[36mGossip Create (0.5ms)[0m  [1m[32mINSERT INTO "gossips" ("title", "content", "user_id", "created_at", "updated_at") VALUES ($1, $2, $3, $4, $5) RETURNING "id"[0m  [["title", "The Gold Rush"], ["content", "I want to go home."], ["user_id", 2], ["created_at", "2020-08-03 13:09:02.207873"], ["updated_at", "2020-08-03 13:09:02.207873"]]
  ↳ db/seeds.rb:45
  [1m[35m (0.7ms)[0m  [1m[35mCOMMIT[0m
  ↳ db/seeds.rb:45
  [1m[35m (0.3ms)[0m  [1m[35mBEGIN[0m
  ↳ db/seeds.rb:45
  [1m[36mUser Load (0.2ms)[0m  [1m[34mSELECT  "users".* FROM "users" WHERE "users"."id" = $1 LIMIT $2[0m  [["id", 7], ["LIMIT", 1]]
  ↳ db/seeds.rb:45
  [1m[36mGossip Create (0.3ms)[0m  [1m[32mINSERT INTO "gossips" ("title", "content", "user_id", "created_at", "updated_at") VALUES ($1, $2, $3, $4, $5) RETURNING "id"[0m  [["title", "Blade Runner 2049"], ["content", "I don't think they even heard me."], ["user_id", 7], ["created_at", "2020-08-03 13:09:02.212351"], ["updated_at", "2020-08-03 13:09:02.212351"]]
  ↳ db/seeds.rb:45
  [1m[35m (0.3ms)[0m  [1m[35mCOMMIT[0m
  ↳ db/seeds.rb:45
  [1m[35m (0.1ms)[0m  [1m[35mBEGIN[0m
  ↳ db/seeds.rb:45
  [1m[36mUser Load (0.2ms)[0m  [1m[34mSELECT  "users".* FROM "users" WHERE "users"."id" = $1 LIMIT $2[0m  [["id", 11], ["LIMIT", 1]]
  ↳ db/seeds.rb:45
  [1m[36mGossip Create (0.4ms)[0m  [1m[32mINSERT INTO "gossips" ("title", "content", "user_id", "created_at", "updated_at") VALUES ($1, $2, $3, $4, $5) RETURNING "id"[0m  [["title", "The Grapes of Wrath"], ["content", "Does nobody understand?"], ["user_id", 11], ["created_at", "2020-08-03 13:09:02.215981"], ["updated_at", "2020-08-03 13:09:02.215981"]]
  ↳ db/seeds.rb:45
  [1m[35m (0.4ms)[0m  [1m[35mCOMMIT[0m
  ↳ db/seeds.rb:45
  [1m[35m (0.1ms)[0m  [1m[35mBEGIN[0m
  ↳ db/seeds.rb:45
  [1m[36mUser Load (0.2ms)[0m  [1m[34mSELECT  "users".* FROM "users" WHERE "users"."id" = $1 LIMIT $2[0m  [["id", 11], ["LIMIT", 1]]
  ↳ db/seeds.rb:45
  [1m[36mGossip Create (0.3ms)[0m  [1m[32mINSERT INTO "gossips" ("title", "content", "user_id", "created_at", "updated_at") VALUES ($1, $2, $3, $4, $5) RETURNING "id"[0m  [["title", "Room"], ["content", "My vocabulary did this to me. Your love will let you go on…"], ["user_id", 11], ["created_at", "2020-08-03 13:09:02.220189"], ["updated_at", "2020-08-03 13:09:02.220189"]]
  ↳ db/seeds.rb:45
  [1m[35m (0.3ms)[0m  [1m[35mCOMMIT[0m
  ↳ db/seeds.rb:45
  [1m[35m (0.2ms)[0m  [1m[35mBEGIN[0m
  ↳ db/seeds.rb:45
  [1m[36mUser Load (0.2ms)[0m  [1m[34mSELECT  "users".* FROM "users" WHERE "users"."id" = $1 LIMIT $2[0m  [["id", 2], ["LIMIT", 1]]
  ↳ db/seeds.rb:45
  [1m[36mGossip Create (0.3ms)[0m  [1m[32mINSERT INTO "gossips" ("title", "content", "user_id", "created_at", "updated_at") VALUES ($1, $2, $3, $4, $5) RETURNING "id"[0m  [["title", "Spotlight"], ["content", "Happy."], ["user_id", 2], ["created_at", "2020-08-03 13:09:02.224077"], ["updated_at", "2020-08-03 13:09:02.224077"]]
  ↳ db/seeds.rb:45
  [1m[35m (0.4ms)[0m  [1m[35mCOMMIT[0m
  ↳ db/seeds.rb:45
  [1m[35m (0.1ms)[0m  [1m[35mBEGIN[0m
  ↳ db/seeds.rb:45
  [1m[36mUser Load (0.2ms)[0m  [1m[34mSELECT  "users".* FROM "users" WHERE "users"."id" = $1 LIMIT $2[0m  [["id", 11], ["LIMIT", 1]]
  ↳ db/seeds.rb:45
  [1m[36mGossip Create (0.3ms)[0m  [1m[32mINSERT INTO "gossips" ("title", "content", "user_id", "created_at", "updated_at") VALUES ($1, $2, $3, $4, $5) RETURNING "id"[0m  [["title", "A Clockwork Orange"], ["content", "That's good. Go on, read some more."], ["user_id", 11], ["created_at", "2020-08-03 13:09:02.227851"], ["updated_at", "2020-08-03 13:09:02.227851"]]
  ↳ db/seeds.rb:45
  [1m[35m (0.4ms)[0m  [1m[35mCOMMIT[0m
  ↳ db/seeds.rb:45
  [1m[35m (0.2ms)[0m  [1m[35mBEGIN[0m
  ↳ db/seeds.rb:45
  [1m[36mUser Load (0.2ms)[0m  [1m[34mSELECT  "users".* FROM "users" WHERE "users"."id" = $1 LIMIT $2[0m  [["id", 7], ["LIMIT", 1]]
  ↳ db/seeds.rb:45
  [1m[36mGossip Create (0.3ms)[0m  [1m[32mINSERT INTO "gossips" ("title", "content", "user_id", "created_at", "updated_at") VALUES ($1, $2, $3, $4, $5) RETURNING "id"[0m  [["title", "The Treasure of the Sierra Madre"], ["content", "My vocabulary did this to me. Your love will let you go on…"], ["user_id", 7], ["created_at", "2020-08-03 13:09:02.231885"], ["updated_at", "2020-08-03 13:09:02.231885"]]
  ↳ db/seeds.rb:45
  [1m[35m (0.3ms)[0m  [1m[35mCOMMIT[0m
  ↳ db/seeds.rb:45
  [1m[35m (0.1ms)[0m  [1m[35mBEGIN[0m
  ↳ db/seeds.rb:45
  [1m[36mUser Load (0.2ms)[0m  [1m[34mSELECT  "users".* FROM "users" WHERE "users"."id" = $1 LIMIT $2[0m  [["id", 5], ["LIMIT", 1]]
  ↳ db/seeds.rb:45
  [1m[36mGossip Create (0.4ms)[0m  [1m[32mINSERT INTO "gossips" ("title", "content", "user_id", "created_at", "updated_at") VALUES ($1, $2, $3, $4, $5) RETURNING "id"[0m  [["title", "Life of Brian"], ["content", "Strike the tent."], ["user_id", 5], ["created_at", "2020-08-03 13:09:02.235668"], ["updated_at", "2020-08-03 13:09:02.235668"]]
  ↳ db/seeds.rb:45
  [1m[35m (0.7ms)[0m  [1m[35mCOMMIT[0m
  ↳ db/seeds.rb:45
  [1m[35m (0.3ms)[0m  [1m[35mBEGIN[0m
  ↳ db/seeds.rb:45
  [1m[36mUser Load (0.4ms)[0m  [1m[34mSELECT  "users".* FROM "users" WHERE "users"."id" = $1 LIMIT $2[0m  [["id", 8], ["LIMIT", 1]]
  ↳ db/seeds.rb:45
  [1m[36mGossip Create (0.4ms)[0m  [1m[32mINSERT INTO "gossips" ("title", "content", "user_id", "created_at", "updated_at") VALUES ($1, $2, $3, $4, $5) RETURNING "id"[0m  [["title", "The Big Lebowski"], ["content", "Okay, I won't."], ["user_id", 8], ["created_at", "2020-08-03 13:09:02.243921"], ["updated_at", "2020-08-03 13:09:02.243921"]]
  ↳ db/seeds.rb:45
  [1m[35m (0.6ms)[0m  [1m[35mCOMMIT[0m
  ↳ db/seeds.rb:45
  [1m[35m (0.5ms)[0m  [1m[35mBEGIN[0m
  ↳ db/seeds.rb:45
  [1m[36mUser Load (0.4ms)[0m  [1m[34mSELECT  "users".* FROM "users" WHERE "users"."id" = $1 LIMIT $2[0m  [["id", 10], ["LIMIT", 1]]
  ↳ db/seeds.rb:45
  [1m[36mGossip Create (0.5ms)[0m  [1m[32mINSERT INTO "gossips" ("title", "content", "user_id", "created_at", "updated_at") VALUES ($1, $2, $3, $4, $5) RETURNING "id"[0m  [["title", "The Big Lebowski"], ["content", "Strike the tent."], ["user_id", 10], ["created_at", "2020-08-03 13:09:02.251845"], ["updated_at", "2020-08-03 13:09:02.251845"]]
  ↳ db/seeds.rb:45
  [1m[35m (0.6ms)[0m  [1m[35mCOMMIT[0m
  ↳ db/seeds.rb:45
  [1m[35m (0.4ms)[0m  [1m[35mBEGIN[0m
  ↳ db/seeds.rb:45
  [1m[36mUser Load (0.5ms)[0m  [1m[34mSELECT  "users".* FROM "users" WHERE "users"."id" = $1 LIMIT $2[0m  [["id", 6], ["LIMIT", 1]]
  ↳ db/seeds.rb:45
  [1m[36mGossip Create (0.5ms)[0m  [1m[32mINSERT INTO "gossips" ("title", "content", "user_id", "created_at", "updated_at") VALUES ($1, $2, $3, $4, $5) RETURNING "id"[0m  [["title", "Grave of the Fireflies"], ["content", "I don't know."], ["user_id", 6], ["created_at", "2020-08-03 13:09:02.258621"], ["updated_at", "2020-08-03 13:09:02.258621"]]
  ↳ db/seeds.rb:45
  [1m[35m (0.3ms)[0m  [1m[35mCOMMIT[0m
  ↳ db/seeds.rb:45
  [1m[35m (0.2ms)[0m  [1m[35mBEGIN[0m
  ↳ db/seeds.rb:45
  [1m[36mUser Load (0.2ms)[0m  [1m[34mSELECT  "users".* FROM "users" WHERE "users"."id" = $1 LIMIT $2[0m  [["id", 10], ["LIMIT", 1]]
  ↳ db/seeds.rb:45
  [1m[36mGossip Create (0.3ms)[0m  [1m[32mINSERT INTO "gossips" ("title", "content", "user_id", "created_at", "updated_at") VALUES ($1, $2, $3, $4, $5) RETURNING "id"[0m  [["title", "Metropolis"], ["content", "Do you want me to come with you?"], ["user_id", 10], ["created_at", "2020-08-03 13:09:02.262675"], ["updated_at", "2020-08-03 13:09:02.262675"]]
  ↳ db/seeds.rb:45
  [1m[35m (0.3ms)[0m  [1m[35mCOMMIT[0m
  ↳ db/seeds.rb:45
  [1m[35m (0.3ms)[0m  [1m[35mBEGIN[0m
  ↳ db/seeds.rb:45
  [1m[36mUser Load (0.4ms)[0m  [1m[34mSELECT  "users".* FROM "users" WHERE "users"."id" = $1 LIMIT $2[0m  [["id", 2], ["LIMIT", 1]]
  ↳ db/seeds.rb:45
  [1m[36mGossip Create (0.5ms)[0m  [1m[32mINSERT INTO "gossips" ("title", "content", "user_id", "created_at", "updated_at") VALUES ($1, $2, $3, $4, $5) RETURNING "id"[0m  [["title", "Life of Brian"], ["content", "Tape Seinfeld for me."], ["user_id", 2], ["created_at", "2020-08-03 13:09:02.271152"], ["updated_at", "2020-08-03 13:09:02.271152"]]
  ↳ db/seeds.rb:45
  [1m[35m (0.6ms)[0m  [1m[35mCOMMIT[0m
  ↳ db/seeds.rb:45
  [1m[35m (0.2ms)[0m  [1m[35mBEGIN[0m
  ↳ db/seeds.rb:54
  [1m[36mTag Create (0.8ms)[0m  [1m[32mINSERT INTO "tags" ("title", "created_at", "updated_at") VALUES ($1, $2, $3) RETURNING "id"[0m  [["title", "#Sweet Bread"], ["created_at", "2020-08-03 13:09:02.280708"], ["updated_at", "2020-08-03 13:09:02.280708"]]
  ↳ db/seeds.rb:54
  [1m[35m (0.5ms)[0m  [1m[35mCOMMIT[0m
  ↳ db/seeds.rb:54
  [1m[35m (0.1ms)[0m  [1m[35mBEGIN[0m
  ↳ db/seeds.rb:54
  [1m[36mTag Create (0.3ms)[0m  [1m[32mINSERT INTO "tags" ("title", "created_at", "updated_at") VALUES ($1, $2, $3) RETURNING "id"[0m  [["title", "#Cookie"], ["created_at", "2020-08-03 13:09:02.284064"], ["updated_at", "2020-08-03 13:09:02.284064"]]
  ↳ db/seeds.rb:54
  [1m[35m (0.3ms)[0m  [1m[35mCOMMIT[0m
  ↳ db/seeds.rb:54
  [1m[35m (0.1ms)[0m  [1m[35mBEGIN[0m
  ↳ db/seeds.rb:54
  [1m[36mTag Create (0.8ms)[0m  [1m[32mINSERT INTO "tags" ("title", "created_at", "updated_at") VALUES ($1, $2, $3) RETURNING "id"[0m  [["title", "#Cheesecake"], ["created_at", "2020-08-03 13:09:02.286173"], ["updated_at", "2020-08-03 13:09:02.286173"]]
  ↳ db/seeds.rb:54
  [1m[35m (0.3ms)[0m  [1m[35mCOMMIT[0m
  ↳ db/seeds.rb:54
  [1m[35m (0.1ms)[0m  [1m[35mBEGIN[0m
  ↳ db/seeds.rb:54
  [1m[36mTag Create (0.3ms)[0m  [1m[32mINSERT INTO "tags" ("title", "created_at", "updated_at") VALUES ($1, $2, $3) RETURNING "id"[0m  [["title", "#Pie"], ["created_at", "2020-08-03 13:09:02.288925"], ["updated_at", "2020-08-03 13:09:02.288925"]]
  ↳ db/seeds.rb:54
  [1m[35m (0.3ms)[0m  [1m[35mCOMMIT[0m
  ↳ db/seeds.rb:54
  [1m[35m (0.1ms)[0m  [1m[35mBEGIN[0m
  ↳ db/seeds.rb:54
  [1m[36mTag Create (0.3ms)[0m  [1m[32mINSERT INTO "tags" ("title", "created_at", "updated_at") VALUES ($1, $2, $3) RETURNING "id"[0m  [["title", "#Doughnut"], ["created_at", "2020-08-03 13:09:02.291004"], ["updated_at", "2020-08-03 13:09:02.291004"]]
  ↳ db/seeds.rb:54
  [1m[35m (0.4ms)[0m  [1m[35mCOMMIT[0m
  ↳ db/seeds.rb:54
  [1m[35m (0.2ms)[0m  [1m[35mBEGIN[0m
  ↳ db/seeds.rb:54
  [1m[36mTag Create (0.3ms)[0m  [1m[32mINSERT INTO "tags" ("title", "created_at", "updated_at") VALUES ($1, $2, $3) RETURNING "id"[0m  [["title", "#Cake"], ["created_at", "2020-08-03 13:09:02.293423"], ["updated_at", "2020-08-03 13:09:02.293423"]]
  ↳ db/seeds.rb:54
  [1m[35m (0.3ms)[0m  [1m[35mCOMMIT[0m
  ↳ db/seeds.rb:54
  [1m[35m (0.1ms)[0m  [1m[35mBEGIN[0m
  ↳ db/seeds.rb:54
  [1m[36mTag Create (0.3ms)[0m  [1m[32mINSERT INTO "tags" ("title", "created_at", "updated_at") VALUES ($1, $2, $3) RETURNING "id"[0m  [["title", "#Cheesecake"], ["created_at", "2020-08-03 13:09:02.295582"], ["updated_at", "2020-08-03 13:09:02.295582"]]
  ↳ db/seeds.rb:54
  [1m[35m (0.4ms)[0m  [1m[35mCOMMIT[0m
  ↳ db/seeds.rb:54
  [1m[35m (0.1ms)[0m  [1m[35mBEGIN[0m
  ↳ db/seeds.rb:54
  [1m[36mTag Create (0.4ms)[0m  [1m[32mINSERT INTO "tags" ("title", "created_at", "updated_at") VALUES ($1, $2, $3) RETURNING "id"[0m  [["title", "#Fruit Cake"], ["created_at", "2020-08-03 13:09:02.298360"], ["updated_at", "2020-08-03 13:09:02.298360"]]
  ↳ db/seeds.rb:54
  [1m[35m (0.4ms)[0m  [1m[35mCOMMIT[0m
  ↳ db/seeds.rb:54
  [1m[35m (0.1ms)[0m  [1m[35mBEGIN[0m
  ↳ db/seeds.rb:54
  [1m[36mTag Create (0.3ms)[0m  [1m[32mINSERT INTO "tags" ("title", "created_at", "updated_at") VALUES ($1, $2, $3) RETURNING "id"[0m  [["title", "#Upside Down Pineapple Cake"], ["created_at", "2020-08-03 13:09:02.301066"], ["updated_at", "2020-08-03 13:09:02.301066"]]
  ↳ db/seeds.rb:54
  [1m[35m (0.3ms)[0m  [1m[35mCOMMIT[0m
  ↳ db/seeds.rb:54
  [1m[35m (0.1ms)[0m  [1m[35mBEGIN[0m
  ↳ db/seeds.rb:54
  [1m[36mTag Create (0.2ms)[0m  [1m[32mINSERT INTO "tags" ("title", "created_at", "updated_at") VALUES ($1, $2, $3) RETURNING "id"[0m  [["title", "#Cheesecake"], ["created_at", "2020-08-03 13:09:02.303299"], ["updated_at", "2020-08-03 13:09:02.303299"]]
  ↳ db/seeds.rb:54
  [1m[35m (0.3ms)[0m  [1m[35mCOMMIT[0m
  ↳ db/seeds.rb:54
  [1m[35m (0.3ms)[0m  [1m[35mBEGIN[0m
  ↳ db/seeds.rb:61
  [1m[36mGossip Load (0.4ms)[0m  [1m[34mSELECT  "gossips".* FROM "gossips" WHERE "gossips"."id" = $1 LIMIT $2[0m  [["id", 12], ["LIMIT", 1]]
  ↳ db/seeds.rb:61
  [1m[36mTag Load (0.7ms)[0m  [1m[34mSELECT  "tags".* FROM "tags" WHERE "tags"."id" = $1 LIMIT $2[0m  [["id", 4], ["LIMIT", 1]]
  ↳ db/seeds.rb:61
  [1m[36mGossipTag Create (0.9ms)[0m  [1m[32mINSERT INTO "gossip_tags" ("tag_id", "gossip_id", "created_at", "updated_at") VALUES ($1, $2, $3, $4) RETURNING "id"[0m  [["tag_id", 4], ["gossip_id", 12], ["created_at", "2020-08-03 13:09:02.323008"], ["updated_at", "2020-08-03 13:09:02.323008"]]
  ↳ db/seeds.rb:61
  [1m[35m (0.5ms)[0m  [1m[35mCOMMIT[0m
  ↳ db/seeds.rb:61
  [1m[35m (0.2ms)[0m  [1m[35mBEGIN[0m
  ↳ db/seeds.rb:61
  [1m[36mGossip Load (0.3ms)[0m  [1m[34mSELECT  "gossips".* FROM "gossips" WHERE "gossips"."id" = $1 LIMIT $2[0m  [["id", 2], ["LIMIT", 1]]
  ↳ db/seeds.rb:61
  [1m[36mTag Load (0.4ms)[0m  [1m[34mSELECT  "tags".* FROM "tags" WHERE "tags"."id" = $1 LIMIT $2[0m  [["id", 9], ["LIMIT", 1]]
  ↳ db/seeds.rb:61
  [1m[36mGossipTag Create (0.3ms)[0m  [1m[32mINSERT INTO "gossip_tags" ("tag_id", "gossip_id", "created_at", "updated_at") VALUES ($1, $2, $3, $4) RETURNING "id"[0m  [["tag_id", 9], ["gossip_id", 2], ["created_at", "2020-08-03 13:09:02.331172"], ["updated_at", "2020-08-03 13:09:02.331172"]]
  ↳ db/seeds.rb:61
  [1m[35m (0.4ms)[0m  [1m[35mCOMMIT[0m
  ↳ db/seeds.rb:61
  [1m[35m (0.1ms)[0m  [1m[35mBEGIN[0m
  ↳ db/seeds.rb:61
  [1m[36mGossip Load (0.3ms)[0m  [1m[34mSELECT  "gossips".* FROM "gossips" WHERE "gossips"."id" = $1 LIMIT $2[0m  [["id", 1], ["LIMIT", 1]]
  ↳ db/seeds.rb:61
  [1m[36mTag Load (0.2ms)[0m  [1m[34mSELECT  "tags".* FROM "tags" WHERE "tags"."id" = $1 LIMIT $2[0m  [["id", 9], ["LIMIT", 1]]
  ↳ db/seeds.rb:61
  [1m[36mGossipTag Create (0.3ms)[0m  [1m[32mINSERT INTO "gossip_tags" ("tag_id", "gossip_id", "created_at", "updated_at") VALUES ($1, $2, $3, $4) RETURNING "id"[0m  [["tag_id", 9], ["gossip_id", 1], ["created_at", "2020-08-03 13:09:02.336166"], ["updated_at", "2020-08-03 13:09:02.336166"]]
  ↳ db/seeds.rb:61
  [1m[35m (0.3ms)[0m  [1m[35mCOMMIT[0m
  ↳ db/seeds.rb:61
  [1m[35m (0.1ms)[0m  [1m[35mBEGIN[0m
  ↳ db/seeds.rb:61
  [1m[36mGossip Load (0.3ms)[0m  [1m[34mSELECT  "gossips".* FROM "gossips" WHERE "gossips"."id" = $1 LIMIT $2[0m  [["id", 9], ["LIMIT", 1]]
  ↳ db/seeds.rb:61
  [1m[36mTag Load (0.2ms)[0m  [1m[34mSELECT  "tags".* FROM "tags" WHERE "tags"."id" = $1 LIMIT $2[0m  [["id", 6], ["LIMIT", 1]]
  ↳ db/seeds.rb:61
  [1m[36mGossipTag Create (0.3ms)[0m  [1m[32mINSERT INTO "gossip_tags" ("tag_id", "gossip_id", "created_at", "updated_at") VALUES ($1, $2, $3, $4) RETURNING "id"[0m  [["tag_id", 6], ["gossip_id", 9], ["created_at", "2020-08-03 13:09:02.340309"], ["updated_at", "2020-08-03 13:09:02.340309"]]
  ↳ db/seeds.rb:61
  [1m[35m (0.4ms)[0m  [1m[35mCOMMIT[0m
  ↳ db/seeds.rb:61
  [1m[35m (0.2ms)[0m  [1m[35mBEGIN[0m
  ↳ db/seeds.rb:61
  [1m[36mGossip Load (0.3ms)[0m  [1m[34mSELECT  "gossips".* FROM "gossips" WHERE "gossips"."id" = $1 LIMIT $2[0m  [["id", 1], ["LIMIT", 1]]
  ↳ db/seeds.rb:61
  [1m[36mTag Load (0.2ms)[0m  [1m[34mSELECT  "tags".* FROM "tags" WHERE "tags"."id" = $1 LIMIT $2[0m  [["id", 9], ["LIMIT", 1]]
  ↳ db/seeds.rb:61
  [1m[36mGossipTag Create (0.3ms)[0m  [1m[32mINSERT INTO "gossip_tags" ("tag_id", "gossip_id", "created_at", "updated_at") VALUES ($1, $2, $3, $4) RETURNING "id"[0m  [["tag_id", 9], ["gossip_id", 1], ["created_at", "2020-08-03 13:09:02.344791"], ["updated_at", "2020-08-03 13:09:02.344791"]]
  ↳ db/seeds.rb:61
  [1m[35m (0.3ms)[0m  [1m[35mCOMMIT[0m
  ↳ db/seeds.rb:61
  [1m[35m (0.1ms)[0m  [1m[35mBEGIN[0m
  ↳ db/seeds.rb:61
  [1m[36mGossip Load (0.2ms)[0m  [1m[34mSELECT  "gossips".* FROM "gossips" WHERE "gossips"."id" = $1 LIMIT $2[0m  [["id", 6], ["LIMIT", 1]]
  ↳ db/seeds.rb:61
  [1m[36mTag Load (0.2ms)[0m  [1m[34mSELECT  "tags".* FROM "tags" WHERE "tags"."id" = $1 LIMIT $2[0m  [["id", 6], ["LIMIT", 1]]
  ↳ db/seeds.rb:61
  [1m[36mGossipTag Create (0.6ms)[0m  [1m[32mINSERT INTO "gossip_tags" ("tag_id", "gossip_id", "created_at", "updated_at") VALUES ($1, $2, $3, $4) RETURNING "id"[0m  [["tag_id", 6], ["gossip_id", 6], ["created_at", "2020-08-03 13:09:02.348990"], ["updated_at", "2020-08-03 13:09:02.348990"]]
  ↳ db/seeds.rb:61
  [1m[35m (0.7ms)[0m  [1m[35mCOMMIT[0m
  ↳ db/seeds.rb:61
  [1m[35m (0.2ms)[0m  [1m[35mBEGIN[0m
  ↳ db/seeds.rb:61
  [1m[36mGossip Load (0.3ms)[0m  [1m[34mSELECT  "gossips".* FROM "gossips" WHERE "gossips"."id" = $1 LIMIT $2[0m  [["id", 16], ["LIMIT", 1]]
  ↳ db/seeds.rb:61
  [1m[36mTag Load (0.3ms)[0m  [1m[34mSELECT  "tags".* FROM "tags" WHERE "tags"."id" = $1 LIMIT $2[0m  [["id", 2], ["LIMIT", 1]]
  ↳ db/seeds.rb:61
  [1m[36mGossipTag Create (0.4ms)[0m  [1m[32mINSERT INTO "gossip_tags" ("tag_id", "gossip_id", "created_at", "updated_at") VALUES ($1, $2, $3, $4) RETURNING "id"[0m  [["tag_id", 2], ["gossip_id", 16], ["created_at", "2020-08-03 13:09:02.356639"], ["updated_at", "2020-08-03 13:09:02.356639"]]
  ↳ db/seeds.rb:61
  [1m[35m (0.5ms)[0m  [1m[35mCOMMIT[0m
  ↳ db/seeds.rb:61
  [1m[35m (0.2ms)[0m  [1m[35mBEGIN[0m
  ↳ db/seeds.rb:61
  [1m[36mGossip Load (0.3ms)[0m  [1m[34mSELECT  "gossips".* FROM "gossips" WHERE "gossips"."id" = $1 LIMIT $2[0m  [["id", 17], ["LIMIT", 1]]
  ↳ db/seeds.rb:61
  [1m[36mTag Load (0.2ms)[0m  [1m[34mSELECT  "tags".* FROM "tags" WHERE "tags"."id" = $1 LIMIT $2[0m  [["id", 3], ["LIMIT", 1]]
  ↳ db/seeds.rb:61
  [1m[36mGossipTag Create (0.4ms)[0m  [1m[32mINSERT INTO "gossip_tags" ("tag_id", "gossip_id", "created_at", "updated_at") VALUES ($1, $2, $3, $4) RETURNING "id"[0m  [["tag_id", 3], ["gossip_id", 17], ["created_at", "2020-08-03 13:09:02.361726"], ["updated_at", "2020-08-03 13:09:02.361726"]]
  ↳ db/seeds.rb:61
  [1m[35m (0.3ms)[0m  [1m[35mCOMMIT[0m
  ↳ db/seeds.rb:61
  [1m[35m (0.1ms)[0m  [1m[35mBEGIN[0m
  ↳ db/seeds.rb:61
  [1m[36mGossip Load (0.2ms)[0m  [1m[34mSELECT  "gossips".* FROM "gossips" WHERE "gossips"."id" = $1 LIMIT $2[0m  [["id", 10], ["LIMIT", 1]]
  ↳ db/seeds.rb:61
  [1m[36mTag Load (0.2ms)[0m  [1m[34mSELECT  "tags".* FROM "tags" WHERE "tags"."id" = $1 LIMIT $2[0m  [["id", 8], ["LIMIT", 1]]
  ↳ db/seeds.rb:61
  [1m[36mGossipTag Create (0.3ms)[0m  [1m[32mINSERT INTO "gossip_tags" ("tag_id", "gossip_id", "created_at", "updated_at") VALUES ($1, $2, $3, $4) RETURNING "id"[0m  [["tag_id", 8], ["gossip_id", 10], ["created_at", "2020-08-03 13:09:02.365537"], ["updated_at", "2020-08-03 13:09:02.365537"]]
  ↳ db/seeds.rb:61
  [1m[35m (0.5ms)[0m  [1m[35mCOMMIT[0m
  ↳ db/seeds.rb:61
  [1m[35m (0.1ms)[0m  [1m[35mBEGIN[0m
  ↳ db/seeds.rb:61
  [1m[36mGossip Load (0.3ms)[0m  [1m[34mSELECT  "gossips".* FROM "gossips" WHERE "gossips"."id" = $1 LIMIT $2[0m  [["id", 14], ["LIMIT", 1]]
  ↳ db/seeds.rb:61
  [1m[36mTag Load (0.2ms)[0m  [1m[34mSELECT  "tags".* FROM "tags" WHERE "tags"."id" = $1 LIMIT $2[0m  [["id", 3], ["LIMIT", 1]]
  ↳ db/seeds.rb:61
  [1m[36mGossipTag Create (0.3ms)[0m  [1m[32mINSERT INTO "gossip_tags" ("tag_id", "gossip_id", "created_at", "updated_at") VALUES ($1, $2, $3, $4) RETURNING "id"[0m  [["tag_id", 3], ["gossip_id", 14], ["created_at", "2020-08-03 13:09:02.369563"], ["updated_at", "2020-08-03 13:09:02.369563"]]
  ↳ db/seeds.rb:61
  [1m[35m (0.3ms)[0m  [1m[35mCOMMIT[0m
  ↳ db/seeds.rb:61
  [1m[35m (0.1ms)[0m  [1m[35mBEGIN[0m
  ↳ db/seeds.rb:61
  [1m[36mGossip Load (0.2ms)[0m  [1m[34mSELECT  "gossips".* FROM "gossips" WHERE "gossips"."id" = $1 LIMIT $2[0m  [["id", 6], ["LIMIT", 1]]
  ↳ db/seeds.rb:61
  [1m[36mTag Load (0.2ms)[0m  [1m[34mSELECT  "tags".* FROM "tags" WHERE "tags"."id" = $1 LIMIT $2[0m  [["id", 7], ["LIMIT", 1]]
  ↳ db/seeds.rb:61
  [1m[36mGossipTag Create (0.3ms)[0m  [1m[32mINSERT INTO "gossip_tags" ("tag_id", "gossip_id", "created_at", "updated_at") VALUES ($1, $2, $3, $4) RETURNING "id"[0m  [["tag_id", 7], ["gossip_id", 6], ["created_at", "2020-08-03 13:09:02.373146"], ["updated_at", "2020-08-03 13:09:02.373146"]]
  ↳ db/seeds.rb:61
  [1m[35m (0.3ms)[0m  [1m[35mCOMMIT[0m
  ↳ db/seeds.rb:61
  [1m[35m (0.1ms)[0m  [1m[35mBEGIN[0m
  ↳ db/seeds.rb:61
  [1m[36mGossip Load (0.2ms)[0m  [1m[34mSELECT  "gossips".* FROM "gossips" WHERE "gossips"."id" = $1 LIMIT $2[0m  [["id", 15], ["LIMIT", 1]]
  ↳ db/seeds.rb:61
  [1m[36mTag Load (0.2ms)[0m  [1m[34mSELECT  "tags".* FROM "tags" WHERE "tags"."id" = $1 LIMIT $2[0m  [["id", 9], ["LIMIT", 1]]
  ↳ db/seeds.rb:61
  [1m[36mGossipTag Create (0.8ms)[0m  [1m[32mINSERT INTO "gossip_tags" ("tag_id", "gossip_id", "created_at", "updated_at") VALUES ($1, $2, $3, $4) RETURNING "id"[0m  [["tag_id", 9], ["gossip_id", 15], ["created_at", "2020-08-03 13:09:02.376932"], ["updated_at", "2020-08-03 13:09:02.376932"]]
  ↳ db/seeds.rb:61
  [1m[35m (0.3ms)[0m  [1m[35mCOMMIT[0m
  ↳ db/seeds.rb:61
  [1m[35m (0.1ms)[0m  [1m[35mBEGIN[0m
  ↳ db/seeds.rb:61
  [1m[36mGossip Load (0.2ms)[0m  [1m[34mSELECT  "gossips".* FROM "gossips" WHERE "gossips"."id" = $1 LIMIT $2[0m  [["id", 15], ["LIMIT", 1]]
  ↳ db/seeds.rb:61
  [1m[36mTag Load (0.2ms)[0m  [1m[34mSELECT  "tags".* FROM "tags" WHERE "tags"."id" = $1 LIMIT $2[0m  [["id", 9], ["LIMIT", 1]]
  ↳ db/seeds.rb:61
  [1m[36mGossipTag Create (0.3ms)[0m  [1m[32mINSERT INTO "gossip_tags" ("tag_id", "gossip_id", "created_at", "updated_at") VALUES ($1, $2, $3, $4) RETURNING "id"[0m  [["tag_id", 9], ["gossip_id", 15], ["created_at", "2020-08-03 13:09:02.381273"], ["updated_at", "2020-08-03 13:09:02.381273"]]
  ↳ db/seeds.rb:61
  [1m[35m (0.3ms)[0m  [1m[35mCOMMIT[0m
  ↳ db/seeds.rb:61
  [1m[35m (0.1ms)[0m  [1m[35mBEGIN[0m
  ↳ db/seeds.rb:61
  [1m[36mGossip Load (0.2ms)[0m  [1m[34mSELECT  "gossips".* FROM "gossips" WHERE "gossips"."id" = $1 LIMIT $2[0m  [["id", 14], ["LIMIT", 1]]
  ↳ db/seeds.rb:61
  [1m[36mTag Load (0.4ms)[0m  [1m[34mSELECT  "tags".* FROM "tags" WHERE "tags"."id" = $1 LIMIT $2[0m  [["id", 8], ["LIMIT", 1]]
  ↳ db/seeds.rb:61
  [1m[36mGossipTag Create (0.5ms)[0m  [1m[32mINSERT INTO "gossip_tags" ("tag_id", "gossip_id", "created_at", "updated_at") VALUES ($1, $2, $3, $4) RETURNING "id"[0m  [["tag_id", 8], ["gossip_id", 14], ["created_at", "2020-08-03 13:09:02.386159"], ["updated_at", "2020-08-03 13:09:02.386159"]]
  ↳ db/seeds.rb:61
  [1m[35m (0.5ms)[0m  [1m[35mCOMMIT[0m
  ↳ db/seeds.rb:61
  [1m[35m (0.2ms)[0m  [1m[35mBEGIN[0m
  ↳ db/seeds.rb:61
  [1m[36mGossip Load (0.4ms)[0m  [1m[34mSELECT  "gossips".* FROM "gossips" WHERE "gossips"."id" = $1 LIMIT $2[0m  [["id", 13], ["LIMIT", 1]]
  ↳ db/seeds.rb:61
  [1m[36mTag Load (0.2ms)[0m  [1m[34mSELECT  "tags".* FROM "tags" WHERE "tags"."id" = $1 LIMIT $2[0m  [["id", 8], ["LIMIT", 1]]
  ↳ db/seeds.rb:61
  [1m[36mGossipTag Create (0.4ms)[0m  [1m[32mINSERT INTO "gossip_tags" ("tag_id", "gossip_id", "created_at", "updated_at") VALUES ($1, $2, $3, $4) RETURNING "id"[0m  [["tag_id", 8], ["gossip_id", 13], ["created_at", "2020-08-03 13:09:02.392917"], ["updated_at", "2020-08-03 13:09:02.392917"]]
  ↳ db/seeds.rb:61
  [1m[35m (0.4ms)[0m  [1m[35mCOMMIT[0m
  ↳ db/seeds.rb:61
  [1m[35m (0.1ms)[0m  [1m[35mBEGIN[0m
  ↳ db/seeds.rb:61
  [1m[36mGossip Load (0.2ms)[0m  [1m[34mSELECT  "gossips".* FROM "gossips" WHERE "gossips"."id" = $1 LIMIT $2[0m  [["id", 20], ["LIMIT", 1]]
  ↳ db/seeds.rb:61
  [1m[36mTag Load (0.2ms)[0m  [1m[34mSELECT  "tags".* FROM "tags" WHERE "tags"."id" = $1 LIMIT $2[0m  [["id", 9], ["LIMIT", 1]]
  ↳ db/seeds.rb:61
  [1m[36mGossipTag Create (0.3ms)[0m  [1m[32mINSERT INTO "gossip_tags" ("tag_id", "gossip_id", "created_at", "updated_at") VALUES ($1, $2, $3, $4) RETURNING "id"[0m  [["tag_id", 9], ["gossip_id", 20], ["created_at", "2020-08-03 13:09:02.397191"], ["updated_at", "2020-08-03 13:09:02.397191"]]
  ↳ db/seeds.rb:61
  [1m[35m (0.3ms)[0m  [1m[35mCOMMIT[0m
  ↳ db/seeds.rb:61
  [1m[35m (0.1ms)[0m  [1m[35mBEGIN[0m
  ↳ db/seeds.rb:61
  [1m[36mGossip Load (0.2ms)[0m  [1m[34mSELECT  "gossips".* FROM "gossips" WHERE "gossips"."id" = $1 LIMIT $2[0m  [["id", 4], ["LIMIT", 1]]
  ↳ db/seeds.rb:61
  [1m[36mTag Load (0.2ms)[0m  [1m[34mSELECT  "tags".* FROM "tags" WHERE "tags"."id" = $1 LIMIT $2[0m  [["id", 1], ["LIMIT", 1]]
  ↳ db/seeds.rb:61
  [1m[36mGossipTag Create (0.4ms)[0m  [1m[32mINSERT INTO "gossip_tags" ("tag_id", "gossip_id", "created_at", "updated_at") VALUES ($1, $2, $3, $4) RETURNING "id"[0m  [["tag_id", 1], ["gossip_id", 4], ["created_at", "2020-08-03 13:09:02.400981"], ["updated_at", "2020-08-03 13:09:02.400981"]]
  ↳ db/seeds.rb:61
  [1m[35m (0.3ms)[0m  [1m[35mCOMMIT[0m
  ↳ db/seeds.rb:61
  [1m[35m (0.1ms)[0m  [1m[35mBEGIN[0m
  ↳ db/seeds.rb:61
  [1m[36mGossip Load (0.2ms)[0m  [1m[34mSELECT  "gossips".* FROM "gossips" WHERE "gossips"."id" = $1 LIMIT $2[0m  [["id", 11], ["LIMIT", 1]]
  ↳ db/seeds.rb:61
  [1m[36mTag Load (0.2ms)[0m  [1m[34mSELECT  "tags".* FROM "tags" WHERE "tags"."id" = $1 LIMIT $2[0m  [["id", 6], ["LIMIT", 1]]
  ↳ db/seeds.rb:61
  [1m[36mGossipTag Create (0.4ms)[0m  [1m[32mINSERT INTO "gossip_tags" ("tag_id", "gossip_id", "created_at", "updated_at") VALUES ($1, $2, $3, $4) RETURNING "id"[0m  [["tag_id", 6], ["gossip_id", 11], ["created_at", "2020-08-03 13:09:02.404677"], ["updated_at", "2020-08-03 13:09:02.404677"]]
  ↳ db/seeds.rb:61
  [1m[35m (0.3ms)[0m  [1m[35mCOMMIT[0m
  ↳ db/seeds.rb:61
  [1m[35m (0.1ms)[0m  [1m[35mBEGIN[0m
  ↳ db/seeds.rb:61
  [1m[36mGossip Load (0.2ms)[0m  [1m[34mSELECT  "gossips".* FROM "gossips" WHERE "gossips"."id" = $1 LIMIT $2[0m  [["id", 4], ["LIMIT", 1]]
  ↳ db/seeds.rb:61
  [1m[36mTag Load (0.2ms)[0m  [1m[34mSELECT  "tags".* FROM "tags" WHERE "tags"."id" = $1 LIMIT $2[0m  [["id", 6], ["LIMIT", 1]]
  ↳ db/seeds.rb:61
  [1m[36mGossipTag Create (0.3ms)[0m  [1m[32mINSERT INTO "gossip_tags" ("tag_id", "gossip_id", "created_at", "updated_at") VALUES ($1, $2, $3, $4) RETURNING "id"[0m  [["tag_id", 6], ["gossip_id", 4], ["created_at", "2020-08-03 13:09:02.408559"], ["updated_at", "2020-08-03 13:09:02.408559"]]
  ↳ db/seeds.rb:61
  [1m[35m (0.3ms)[0m  [1m[35mCOMMIT[0m
  ↳ db/seeds.rb:61
  [1m[35m (0.1ms)[0m  [1m[35mBEGIN[0m
  ↳ db/seeds.rb:61
  [1m[36mGossip Load (0.2ms)[0m  [1m[34mSELECT  "gossips".* FROM "gossips" WHERE "gossips"."id" = $1 LIMIT $2[0m  [["id", 1], ["LIMIT", 1]]
  ↳ db/seeds.rb:61
  [1m[36mTag Load (0.2ms)[0m  [1m[34mSELECT  "tags".* FROM "tags" WHERE "tags"."id" = $1 LIMIT $2[0m  [["id", 6], ["LIMIT", 1]]
  ↳ db/seeds.rb:61
  [1m[36mGossipTag Create (0.3ms)[0m  [1m[32mINSERT INTO "gossip_tags" ("tag_id", "gossip_id", "created_at", "updated_at") VALUES ($1, $2, $3, $4) RETURNING "id"[0m  [["tag_id", 6], ["gossip_id", 1], ["created_at", "2020-08-03 13:09:02.412096"], ["updated_at", "2020-08-03 13:09:02.412096"]]
  ↳ db/seeds.rb:61
  [1m[35m (0.3ms)[0m  [1m[35mCOMMIT[0m
  ↳ db/seeds.rb:61
  [1m[35m (0.1ms)[0m  [1m[35mBEGIN[0m
  ↳ db/seeds.rb:61
  [1m[36mGossip Load (0.2ms)[0m  [1m[34mSELECT  "gossips".* FROM "gossips" WHERE "gossips"."id" = $1 LIMIT $2[0m  [["id", 6], ["LIMIT", 1]]
  ↳ db/seeds.rb:61
  [1m[36mTag Load (0.2ms)[0m  [1m[34mSELECT  "tags".* FROM "tags" WHERE "tags"."id" = $1 LIMIT $2[0m  [["id", 2], ["LIMIT", 1]]
  ↳ db/seeds.rb:61
  [1m[36mGossipTag Create (0.3ms)[0m  [1m[32mINSERT INTO "gossip_tags" ("tag_id", "gossip_id", "created_at", "updated_at") VALUES ($1, $2, $3, $4) RETURNING "id"[0m  [["tag_id", 2], ["gossip_id", 6], ["created_at", "2020-08-03 13:09:02.415783"], ["updated_at", "2020-08-03 13:09:02.415783"]]
  ↳ db/seeds.rb:61
  [1m[35m (0.5ms)[0m  [1m[35mCOMMIT[0m
  ↳ db/seeds.rb:61
  [1m[35m (0.4ms)[0m  [1m[35mBEGIN[0m
  ↳ db/seeds.rb:61
  [1m[36mGossip Load (0.3ms)[0m  [1m[34mSELECT  "gossips".* FROM "gossips" WHERE "gossips"."id" = $1 LIMIT $2[0m  [["id", 2], ["LIMIT", 1]]
  ↳ db/seeds.rb:61
  [1m[36mTag Load (0.2ms)[0m  [1m[34mSELECT  "tags".* FROM "tags" WHERE "tags"."id" = $1 LIMIT $2[0m  [["id", 3], ["LIMIT", 1]]
  ↳ db/seeds.rb:61
  [1m[36mGossipTag Create (0.5ms)[0m  [1m[32mINSERT INTO "gossip_tags" ("tag_id", "gossip_id", "created_at", "updated_at") VALUES ($1, $2, $3, $4) RETURNING "id"[0m  [["tag_id", 3], ["gossip_id", 2], ["created_at", "2020-08-03 13:09:02.423536"], ["updated_at", "2020-08-03 13:09:02.423536"]]
  ↳ db/seeds.rb:61
  [1m[35m (0.5ms)[0m  [1m[35mCOMMIT[0m
  ↳ db/seeds.rb:61
  [1m[35m (0.2ms)[0m  [1m[35mBEGIN[0m
  ↳ db/seeds.rb:61
  [1m[36mGossip Load (0.2ms)[0m  [1m[34mSELECT  "gossips".* FROM "gossips" WHERE "gossips"."id" = $1 LIMIT $2[0m  [["id", 15], ["LIMIT", 1]]
  ↳ db/seeds.rb:61
  [1m[36mTag Load (0.2ms)[0m  [1m[34mSELECT  "tags".* FROM "tags" WHERE "tags"."id" = $1 LIMIT $2[0m  [["id", 3], ["LIMIT", 1]]
  ↳ db/seeds.rb:61
  [1m[36mGossipTag Create (0.3ms)[0m  [1m[32mINSERT INTO "gossip_tags" ("tag_id", "gossip_id", "created_at", "updated_at") VALUES ($1, $2, $3, $4) RETURNING "id"[0m  [["tag_id", 3], ["gossip_id", 15], ["created_at", "2020-08-03 13:09:02.428547"], ["updated_at", "2020-08-03 13:09:02.428547"]]
  ↳ db/seeds.rb:61
  [1m[35m (0.4ms)[0m  [1m[35mCOMMIT[0m
  ↳ db/seeds.rb:61
  [1m[35m (0.1ms)[0m  [1m[35mBEGIN[0m
  ↳ db/seeds.rb:61
  [1m[36mGossip Load (0.2ms)[0m  [1m[34mSELECT  "gossips".* FROM "gossips" WHERE "gossips"."id" = $1 LIMIT $2[0m  [["id", 14], ["LIMIT", 1]]
  ↳ db/seeds.rb:61
  [1m[36mTag Load (0.2ms)[0m  [1m[34mSELECT  "tags".* FROM "tags" WHERE "tags"."id" = $1 LIMIT $2[0m  [["id", 7], ["LIMIT", 1]]
  ↳ db/seeds.rb:61
  [1m[36mGossipTag Create (0.3ms)[0m  [1m[32mINSERT INTO "gossip_tags" ("tag_id", "gossip_id", "created_at", "updated_at") VALUES ($1, $2, $3, $4) RETURNING "id"[0m  [["tag_id", 7], ["gossip_id", 14], ["created_at", "2020-08-03 13:09:02.432524"], ["updated_at", "2020-08-03 13:09:02.432524"]]
  ↳ db/seeds.rb:61
  [1m[35m (0.3ms)[0m  [1m[35mCOMMIT[0m
  ↳ db/seeds.rb:61
  [1m[35m (0.1ms)[0m  [1m[35mBEGIN[0m
  ↳ db/seeds.rb:61
  [1m[36mGossip Load (0.2ms)[0m  [1m[34mSELECT  "gossips".* FROM "gossips" WHERE "gossips"."id" = $1 LIMIT $2[0m  [["id", 16], ["LIMIT", 1]]
  ↳ db/seeds.rb:61
  [1m[36mTag Load (0.3ms)[0m  [1m[34mSELECT  "tags".* FROM "tags" WHERE "tags"."id" = $1 LIMIT $2[0m  [["id", 1], ["LIMIT", 1]]
  ↳ db/seeds.rb:61
  [1m[36mGossipTag Create (0.3ms)[0m  [1m[32mINSERT INTO "gossip_tags" ("tag_id", "gossip_id", "created_at", "updated_at") VALUES ($1, $2, $3, $4) RETURNING "id"[0m  [["tag_id", 1], ["gossip_id", 16], ["created_at", "2020-08-03 13:09:02.436435"], ["updated_at", "2020-08-03 13:09:02.436435"]]
  ↳ db/seeds.rb:61
  [1m[35m (0.3ms)[0m  [1m[35mCOMMIT[0m
  ↳ db/seeds.rb:61
  [1m[35m (0.1ms)[0m  [1m[35mBEGIN[0m
  ↳ db/seeds.rb:61
  [1m[36mGossip Load (0.2ms)[0m  [1m[34mSELECT  "gossips".* FROM "gossips" WHERE "gossips"."id" = $1 LIMIT $2[0m  [["id", 5], ["LIMIT", 1]]
  ↳ db/seeds.rb:61
  [1m[36mTag Load (0.2ms)[0m  [1m[34mSELECT  "tags".* FROM "tags" WHERE "tags"."id" = $1 LIMIT $2[0m  [["id", 10], ["LIMIT", 1]]
  ↳ db/seeds.rb:61
  [1m[36mGossipTag Create (0.4ms)[0m  [1m[32mINSERT INTO "gossip_tags" ("tag_id", "gossip_id", "created_at", "updated_at") VALUES ($1, $2, $3, $4) RETURNING "id"[0m  [["tag_id", 10], ["gossip_id", 5], ["created_at", "2020-08-03 13:09:02.440177"], ["updated_at", "2020-08-03 13:09:02.440177"]]
  ↳ db/seeds.rb:61
  [1m[35m (0.3ms)[0m  [1m[35mCOMMIT[0m
  ↳ db/seeds.rb:61
  [1m[35m (0.2ms)[0m  [1m[35mBEGIN[0m
  ↳ db/seeds.rb:61
  [1m[36mGossip Load (0.2ms)[0m  [1m[34mSELECT  "gossips".* FROM "gossips" WHERE "gossips"."id" = $1 LIMIT $2[0m  [["id", 8], ["LIMIT", 1]]
  ↳ db/seeds.rb:61
  [1m[36mTag Load (0.2ms)[0m  [1m[34mSELECT  "tags".* FROM "tags" WHERE "tags"."id" = $1 LIMIT $2[0m  [["id", 7], ["LIMIT", 1]]
  ↳ db/seeds.rb:61
  [1m[36mGossipTag Create (0.3ms)[0m  [1m[32mINSERT INTO "gossip_tags" ("tag_id", "gossip_id", "created_at", "updated_at") VALUES ($1, $2, $3, $4) RETURNING "id"[0m  [["tag_id", 7], ["gossip_id", 8], ["created_at", "2020-08-03 13:09:02.444431"], ["updated_at", "2020-08-03 13:09:02.444431"]]
  ↳ db/seeds.rb:61
  [1m[35m (0.4ms)[0m  [1m[35mCOMMIT[0m
  ↳ db/seeds.rb:61
  [1m[35m (0.1ms)[0m  [1m[35mBEGIN[0m
  ↳ db/seeds.rb:61
  [1m[36mGossip Load (0.2ms)[0m  [1m[34mSELECT  "gossips".* FROM "gossips" WHERE "gossips"."id" = $1 LIMIT $2[0m  [["id", 16], ["LIMIT", 1]]
  ↳ db/seeds.rb:61
  [1m[36mTag Load (0.2ms)[0m  [1m[34mSELECT  "tags".* FROM "tags" WHERE "tags"."id" = $1 LIMIT $2[0m  [["id", 9], ["LIMIT", 1]]
  ↳ db/seeds.rb:61
  [1m[36mGossipTag Create (0.3ms)[0m  [1m[32mINSERT INTO "gossip_tags" ("tag_id", "gossip_id", "created_at", "updated_at") VALUES ($1, $2, $3, $4) RETURNING "id"[0m  [["tag_id", 9], ["gossip_id", 16], ["created_at", "2020-08-03 13:09:02.448096"], ["updated_at", "2020-08-03 13:09:02.448096"]]
  ↳ db/seeds.rb:61
  [1m[35m (0.3ms)[0m  [1m[35mCOMMIT[0m
  ↳ db/seeds.rb:61
  [1m[35m (0.1ms)[0m  [1m[35mBEGIN[0m
  ↳ db/seeds.rb:61
  [1m[36mGossip Load (0.2ms)[0m  [1m[34mSELECT  "gossips".* FROM "gossips" WHERE "gossips"."id" = $1 LIMIT $2[0m  [["id", 11], ["LIMIT", 1]]
  ↳ db/seeds.rb:61
  [1m[36mTag Load (0.2ms)[0m  [1m[34mSELECT  "tags".* FROM "tags" WHERE "tags"."id" = $1 LIMIT $2[0m  [["id", 10], ["LIMIT", 1]]
  ↳ db/seeds.rb:61
  [1m[36mGossipTag Create (0.5ms)[0m  [1m[32mINSERT INTO "gossip_tags" ("tag_id", "gossip_id", "created_at", "updated_at") VALUES ($1, $2, $3, $4) RETURNING "id"[0m  [["tag_id", 10], ["gossip_id", 11], ["created_at", "2020-08-03 13:09:02.451561"], ["updated_at", "2020-08-03 13:09:02.451561"]]
  ↳ db/seeds.rb:61
  [1m[35m (0.6ms)[0m  [1m[35mCOMMIT[0m
  ↳ db/seeds.rb:61
  [1m[35m (0.2ms)[0m  [1m[35mBEGIN[0m
  ↳ db/seeds.rb:61
  [1m[36mGossip Load (0.4ms)[0m  [1m[34mSELECT  "gossips".* FROM "gossips" WHERE "gossips"."id" = $1 LIMIT $2[0m  [["id", 5], ["LIMIT", 1]]
  ↳ db/seeds.rb:61
  [1m[36mTag Load (0.3ms)[0m  [1m[34mSELECT  "tags".* FROM "tags" WHERE "tags"."id" = $1 LIMIT $2[0m  [["id", 6], ["LIMIT", 1]]
  ↳ db/seeds.rb:61
  [1m[36mGossipTag Create (0.6ms)[0m  [1m[32mINSERT INTO "gossip_tags" ("tag_id", "gossip_id", "created_at", "updated_at") VALUES ($1, $2, $3, $4) RETURNING "id"[0m  [["tag_id", 6], ["gossip_id", 5], ["created_at", "2020-08-03 13:09:02.458135"], ["updated_at", "2020-08-03 13:09:02.458135"]]
  ↳ db/seeds.rb:61
  [1m[35m (0.4ms)[0m  [1m[35mCOMMIT[0m
  ↳ db/seeds.rb:61
  [1m[35m (0.2ms)[0m  [1m[35mBEGIN[0m
  ↳ db/seeds.rb:68
  [1m[36mUser Load (0.2ms)[0m  [1m[34mSELECT  "users".* FROM "users" WHERE "users"."id" = $1 LIMIT $2[0m  [["id", 3], ["LIMIT", 1]]
  ↳ db/seeds.rb:68
  [1m[36mUser Load (0.2ms)[0m  [1m[34mSELECT  "users".* FROM "users" WHERE "users"."id" = $1 LIMIT $2[0m  [["id", 3], ["LIMIT", 1]]
  ↳ db/seeds.rb:68
  [1m[36mPrivateMessage Create (0.7ms)[0m  [1m[32mINSERT INTO "private_messages" ("content", "recipient_id", "sender_id", "created_at", "updated_at") VALUES ($1, $2, $3, $4, $5) RETURNING "id"[0m  [["content", "I love the smell of napalm in the morning."], ["recipient_id", 3], ["sender_id", 3], ["created_at", "2020-08-03 13:09:02.470314"], ["updated_at", "2020-08-03 13:09:02.470314"]]
  ↳ db/seeds.rb:68
  [1m[35m (0.3ms)[0m  [1m[35mCOMMIT[0m
  ↳ db/seeds.rb:68
  [1m[35m (0.1ms)[0m  [1m[35mBEGIN[0m
  ↳ db/seeds.rb:68
  [1m[36mUser Load (0.2ms)[0m  [1m[34mSELECT  "users".* FROM "users" WHERE "users"."id" = $1 LIMIT $2[0m  [["id", 4], ["LIMIT", 1]]
  ↳ db/seeds.rb:68
  [1m[36mUser Load (0.2ms)[0m  [1m[34mSELECT  "users".* FROM "users" WHERE "users"."id" = $1 LIMIT $2[0m  [["id", 9], ["LIMIT", 1]]
  ↳ db/seeds.rb:68
  [1m[36mPrivateMessage Create (0.4ms)[0m  [1m[32mINSERT INTO "private_messages" ("content", "recipient_id", "sender_id", "created_at", "updated_at") VALUES ($1, $2, $3, $4, $5) RETURNING "id"[0m  [["content", "Toto, I've got a feeling we're not in Kansas anymore."], ["recipient_id", 9], ["sender_id", 4], ["created_at", "2020-08-03 13:09:02.474621"], ["updated_at", "2020-08-03 13:09:02.474621"]]
  ↳ db/seeds.rb:68
  [1m[35m (0.4ms)[0m  [1m[35mCOMMIT[0m
  ↳ db/seeds.rb:68
  [1m[35m (0.1ms)[0m  [1m[35mBEGIN[0m
  ↳ db/seeds.rb:68
  [1m[36mUser Load (0.2ms)[0m  [1m[34mSELECT  "users".* FROM "users" WHERE "users"."id" = $1 LIMIT $2[0m  [["id", 2], ["LIMIT", 1]]
  ↳ db/seeds.rb:68
  [1m[36mUser Load (0.2ms)[0m  [1m[34mSELECT  "users".* FROM "users" WHERE "users"."id" = $1 LIMIT $2[0m  [["id", 5], ["LIMIT", 1]]
  ↳ db/seeds.rb:68
  [1m[36mPrivateMessage Create (0.3ms)[0m  [1m[32mINSERT INTO "private_messages" ("content", "recipient_id", "sender_id", "created_at", "updated_at") VALUES ($1, $2, $3, $4, $5) RETURNING "id"[0m  [["content", "I love the smell of napalm in the morning."], ["recipient_id", 5], ["sender_id", 2], ["created_at", "2020-08-03 13:09:02.478917"], ["updated_at", "2020-08-03 13:09:02.478917"]]
  ↳ db/seeds.rb:68
  [1m[35m (0.3ms)[0m  [1m[35mCOMMIT[0m
  ↳ db/seeds.rb:68
  [1m[35m (0.1ms)[0m  [1m[35mBEGIN[0m
  ↳ db/seeds.rb:68
  [1m[36mUser Load (0.2ms)[0m  [1m[34mSELECT  "users".* FROM "users" WHERE "users"."id" = $1 LIMIT $2[0m  [["id", 2], ["LIMIT", 1]]
  ↳ db/seeds.rb:68
  [1m[36mUser Load (0.5ms)[0m  [1m[34mSELECT  "users".* FROM "users" WHERE "users"."id" = $1 LIMIT $2[0m  [["id", 6], ["LIMIT", 1]]
  ↳ db/seeds.rb:68
  [1m[36mPrivateMessage Create (0.4ms)[0m  [1m[32mINSERT INTO "private_messages" ("content", "recipient_id", "sender_id", "created_at", "updated_at") VALUES ($1, $2, $3, $4, $5) RETURNING "id"[0m  [["content", "You talking to me?"], ["recipient_id", 6], ["sender_id", 2], ["created_at", "2020-08-03 13:09:02.483138"], ["updated_at", "2020-08-03 13:09:02.483138"]]
  ↳ db/seeds.rb:68
  [1m[35m (0.4ms)[0m  [1m[35mCOMMIT[0m
  ↳ db/seeds.rb:68
  [1m[35m (0.2ms)[0m  [1m[35mBEGIN[0m
  ↳ db/seeds.rb:68
  [1m[36mUser Load (0.3ms)[0m  [1m[34mSELECT  "users".* FROM "users" WHERE "users"."id" = $1 LIMIT $2[0m  [["id", 10], ["LIMIT", 1]]
  ↳ db/seeds.rb:68
  [1m[36mUser Load (0.3ms)[0m  [1m[34mSELECT  "users".* FROM "users" WHERE "users"."id" = $1 LIMIT $2[0m  [["id", 8], ["LIMIT", 1]]
  ↳ db/seeds.rb:68
  [1m[36mPrivateMessage Create (0.5ms)[0m  [1m[32mINSERT INTO "private_messages" ("content", "recipient_id", "sender_id", "created_at", "updated_at") VALUES ($1, $2, $3, $4, $5) RETURNING "id"[0m  [["content", "May the Force be with you."], ["recipient_id", 8], ["sender_id", 10], ["created_at", "2020-08-03 13:09:02.489033"], ["updated_at", "2020-08-03 13:09:02.489033"]]
  ↳ db/seeds.rb:68
  [1m[35m (0.4ms)[0m  [1m[35mCOMMIT[0m
  ↳ db/seeds.rb:68
  [1m[35m (0.2ms)[0m  [1m[35mBEGIN[0m
  ↳ db/seeds.rb:68
  [1m[36mUser Load (0.3ms)[0m  [1m[34mSELECT  "users".* FROM "users" WHERE "users"."id" = $1 LIMIT $2[0m  [["id", 7], ["LIMIT", 1]]
  ↳ db/seeds.rb:68
  [1m[36mUser Load (0.3ms)[0m  [1m[34mSELECT  "users".* FROM "users" WHERE "users"."id" = $1 LIMIT $2[0m  [["id", 3], ["LIMIT", 1]]
  ↳ db/seeds.rb:68
  [1m[36mPrivateMessage Create (0.4ms)[0m  [1m[32mINSERT INTO "private_messages" ("content", "recipient_id", "sender_id", "created_at", "updated_at") VALUES ($1, $2, $3, $4, $5) RETURNING "id"[0m  [["content", "May the Force be with you."], ["recipient_id", 3], ["sender_id", 7], ["created_at", "2020-08-03 13:09:02.495476"], ["updated_at", "2020-08-03 13:09:02.495476"]]
  ↳ db/seeds.rb:68
  [1m[35m (0.3ms)[0m  [1m[35mCOMMIT[0m
  ↳ db/seeds.rb:68
  [1m[35m (0.2ms)[0m  [1m[35mBEGIN[0m
  ↳ db/seeds.rb:68
  [1m[36mUser Load (0.2ms)[0m  [1m[34mSELECT  "users".* FROM "users" WHERE "users"."id" = $1 LIMIT $2[0m  [["id", 9], ["LIMIT", 1]]
  ↳ db/seeds.rb:68
  [1m[36mUser Load (0.2ms)[0m  [1m[34mSELECT  "users".* FROM "users" WHERE "users"."id" = $1 LIMIT $2[0m  [["id", 5], ["LIMIT", 1]]
  ↳ db/seeds.rb:68
  [1m[36mPrivateMessage Create (0.3ms)[0m  [1m[32mINSERT INTO "private_messages" ("content", "recipient_id", "sender_id", "created_at", "updated_at") VALUES ($1, $2, $3, $4, $5) RETURNING "id"[0m  [["content", "Frankly, my dear, I don’t give a damn."], ["recipient_id", 5], ["sender_id", 9], ["created_at", "2020-08-03 13:09:02.504312"], ["updated_at", "2020-08-03 13:09:02.504312"]]
  ↳ db/seeds.rb:68
  [1m[35m (0.3ms)[0m  [1m[35mCOMMIT[0m
  ↳ db/seeds.rb:68
  [1m[35m (0.1ms)[0m  [1m[35mBEGIN[0m
  ↳ db/seeds.rb:68
  [1m[36mUser Load (0.2ms)[0m  [1m[34mSELECT  "users".* FROM "users" WHERE "users"."id" = $1 LIMIT $2[0m  [["id", 3], ["LIMIT", 1]]
  ↳ db/seeds.rb:68
  [1m[36mUser Load (0.2ms)[0m  [1m[34mSELECT  "users".* FROM "users" WHERE "users"."id" = $1 LIMIT $2[0m  [["id", 9], ["LIMIT", 1]]
  ↳ db/seeds.rb:68
  [1m[36mPrivateMessage Create (0.3ms)[0m  [1m[32mINSERT INTO "private_messages" ("content", "recipient_id", "sender_id", "created_at", "updated_at") VALUES ($1, $2, $3, $4, $5) RETURNING "id"[0m  [["content", "I'm going to make him an offer he can't refuse."], ["recipient_id", 9], ["sender_id", 3], ["created_at", "2020-08-03 13:09:02.508223"], ["updated_at", "2020-08-03 13:09:02.508223"]]
  ↳ db/seeds.rb:68
  [1m[35m (0.3ms)[0m  [1m[35mCOMMIT[0m
  ↳ db/seeds.rb:68
  [1m[35m (0.1ms)[0m  [1m[35mBEGIN[0m
  ↳ db/seeds.rb:68
  [1m[36mUser Load (0.2ms)[0m  [1m[34mSELECT  "users".* FROM "users" WHERE "users"."id" = $1 LIMIT $2[0m  [["id", 3], ["LIMIT", 1]]
  ↳ db/seeds.rb:68
  [1m[36mUser Load (0.2ms)[0m  [1m[34mSELECT  "users".* FROM "users" WHERE "users"."id" = $1 LIMIT $2[0m  [["id", 3], ["LIMIT", 1]]
  ↳ db/seeds.rb:68
  [1m[36mPrivateMessage Create (0.3ms)[0m  [1m[32mINSERT INTO "private_messages" ("content", "recipient_id", "sender_id", "created_at", "updated_at") VALUES ($1, $2, $3, $4, $5) RETURNING "id"[0m  [["content", "What we've got here is failure to communicate."], ["recipient_id", 3], ["sender_id", 3], ["created_at", "2020-08-03 13:09:02.511926"], ["updated_at", "2020-08-03 13:09:02.511926"]]
  ↳ db/seeds.rb:68
  [1m[35m (0.3ms)[0m  [1m[35mCOMMIT[0m
  ↳ db/seeds.rb:68
  [1m[35m (0.1ms)[0m  [1m[35mBEGIN[0m
  ↳ db/seeds.rb:68
  [1m[36mUser Load (0.2ms)[0m  [1m[34mSELECT  "users".* FROM "users" WHERE "users"."id" = $1 LIMIT $2[0m  [["id", 8], ["LIMIT", 1]]
  ↳ db/seeds.rb:68
  [1m[36mUser Load (0.2ms)[0m  [1m[34mSELECT  "users".* FROM "users" WHERE "users"."id" = $1 LIMIT $2[0m  [["id", 4], ["LIMIT", 1]]
  ↳ db/seeds.rb:68
  [1m[36mPrivateMessage Create (0.3ms)[0m  [1m[32mINSERT INTO "private_messages" ("content", "recipient_id", "sender_id", "created_at", "updated_at") VALUES ($1, $2, $3, $4, $5) RETURNING "id"[0m  [["content", "All right, Mr. DeMille, I'm ready for my closeup."], ["recipient_id", 4], ["sender_id", 8], ["created_at", "2020-08-03 13:09:02.515492"], ["updated_at", "2020-08-03 13:09:02.515492"]]
  ↳ db/seeds.rb:68
  [1m[35m (0.3ms)[0m  [1m[35mCOMMIT[0m
  ↳ db/seeds.rb:68
  [1m[35m (0.1ms)[0m  [1m[35mBEGIN[0m
  ↳ db/seeds.rb:68
  [1m[36mUser Load (0.2ms)[0m  [1m[34mSELECT  "users".* FROM "users" WHERE "users"."id" = $1 LIMIT $2[0m  [["id", 6], ["LIMIT", 1]]
  ↳ db/seeds.rb:68
  [1m[36mUser Load (0.2ms)[0m  [1m[34mSELECT  "users".* FROM "users" WHERE "users"."id" = $1 LIMIT $2[0m  [["id", 5], ["LIMIT", 1]]
  ↳ db/seeds.rb:68
  [1m[36mPrivateMessage Create (0.5ms)[0m  [1m[32mINSERT INTO "private_messages" ("content", "recipient_id", "sender_id", "created_at", "updated_at") VALUES ($1, $2, $3, $4, $5) RETURNING "id"[0m  [["content", "Frankly, my dear, I don’t give a damn."], ["recipient_id", 5], ["sender_id", 6], ["created_at", "2020-08-03 13:09:02.519780"], ["updated_at", "2020-08-03 13:09:02.519780"]]
  ↳ db/seeds.rb:68
  [1m[35m (0.6ms)[0m  [1m[35mCOMMIT[0m
  ↳ db/seeds.rb:68
  [1m[35m (0.2ms)[0m  [1m[35mBEGIN[0m
  ↳ db/seeds.rb:68
  [1m[36mUser Load (0.3ms)[0m  [1m[34mSELECT  "users".* FROM "users" WHERE "users"."id" = $1 LIMIT $2[0m  [["id", 2], ["LIMIT", 1]]
  ↳ db/seeds.rb:68
  [1m[36mUser Load (0.2ms)[0m  [1m[34mSELECT  "users".* FROM "users" WHERE "users"."id" = $1 LIMIT $2[0m  [["id", 11], ["LIMIT", 1]]
  ↳ db/seeds.rb:68
  [1m[36mPrivateMessage Create (0.4ms)[0m  [1m[32mINSERT INTO "private_messages" ("content", "recipient_id", "sender_id", "created_at", "updated_at") VALUES ($1, $2, $3, $4, $5) RETURNING "id"[0m  [["content", "You talking to me?"], ["recipient_id", 11], ["sender_id", 2], ["created_at", "2020-08-03 13:09:02.525967"], ["updated_at", "2020-08-03 13:09:02.525967"]]
  ↳ db/seeds.rb:68
  [1m[35m (0.4ms)[0m  [1m[35mCOMMIT[0m
  ↳ db/seeds.rb:68
  [1m[35m (0.2ms)[0m  [1m[35mBEGIN[0m
  ↳ db/seeds.rb:68
  [1m[36mUser Load (0.2ms)[0m  [1m[34mSELECT  "users".* FROM "users" WHERE "users"."id" = $1 LIMIT $2[0m  [["id", 6], ["LIMIT", 1]]
  ↳ db/seeds.rb:68
  [1m[36mUser Load (0.2ms)[0m  [1m[34mSELECT  "users".* FROM "users" WHERE "users"."id" = $1 LIMIT $2[0m  [["id", 8], ["LIMIT", 1]]
  ↳ db/seeds.rb:68
  [1m[36mPrivateMessage Create (0.3ms)[0m  [1m[32mINSERT INTO "private_messages" ("content", "recipient_id", "sender_id", "created_at", "updated_at") VALUES ($1, $2, $3, $4, $5) RETURNING "id"[0m  [["content", "What we've got here is failure to communicate."], ["recipient_id", 8], ["sender_id", 6], ["created_at", "2020-08-03 13:09:02.530744"], ["updated_at", "2020-08-03 13:09:02.530744"]]
  ↳ db/seeds.rb:68
  [1m[35m (0.4ms)[0m  [1m[35mCOMMIT[0m
  ↳ db/seeds.rb:68
  [1m[35m (0.1ms)[0m  [1m[35mBEGIN[0m
  ↳ db/seeds.rb:68
  [1m[36mUser Load (0.2ms)[0m  [1m[34mSELECT  "users".* FROM "users" WHERE "users"."id" = $1 LIMIT $2[0m  [["id", 9], ["LIMIT", 1]]
  ↳ db/seeds.rb:68
  [1m[36mUser Load (0.3ms)[0m  [1m[34mSELECT  "users".* FROM "users" WHERE "users"."id" = $1 LIMIT $2[0m  [["id", 2], ["LIMIT", 1]]
  ↳ db/seeds.rb:68
  [1m[36mPrivateMessage Create (0.5ms)[0m  [1m[32mINSERT INTO "private_messages" ("content", "recipient_id", "sender_id", "created_at", "updated_at") VALUES ($1, $2, $3, $4, $5) RETURNING "id"[0m  [["content", "I love the smell of napalm in the morning."], ["recipient_id", 2], ["sender_id", 9], ["created_at", "2020-08-03 13:09:02.535103"], ["updated_at", "2020-08-03 13:09:02.535103"]]
  ↳ db/seeds.rb:68
  [1m[35m (0.3ms)[0m  [1m[35mCOMMIT[0m
  ↳ db/seeds.rb:68
  [1m[35m (0.1ms)[0m  [1m[35mBEGIN[0m
  ↳ db/seeds.rb:68
  [1m[36mUser Load (0.2ms)[0m  [1m[34mSELECT  "users".* FROM "users" WHERE "users"."id" = $1 LIMIT $2[0m  [["id", 5], ["LIMIT", 1]]
  ↳ db/seeds.rb:68
  [1m[36mUser Load (0.2ms)[0m  [1m[34mSELECT  "users".* FROM "users" WHERE "users"."id" = $1 LIMIT $2[0m  [["id", 3], ["LIMIT", 1]]
  ↳ db/seeds.rb:68
  [1m[36mPrivateMessage Create (0.3ms)[0m  [1m[32mINSERT INTO "private_messages" ("content", "recipient_id", "sender_id", "created_at", "updated_at") VALUES ($1, $2, $3, $4, $5) RETURNING "id"[0m  [["content", "Here's looking at you, kid."], ["recipient_id", 3], ["sender_id", 5], ["created_at", "2020-08-03 13:09:02.539376"], ["updated_at", "2020-08-03 13:09:02.539376"]]
  ↳ db/seeds.rb:68
  [1m[35m (0.4ms)[0m  [1m[35mCOMMIT[0m
  ↳ db/seeds.rb:68
  [1m[36mUser Load (0.6ms)[0m  [1m[34mSELECT "users".* FROM "users"[0m
